TN:
SF:src/components/CompanySwitcher.jsx
FN:7,(anonymous_0)
FN:9,CompanySwitcher
FN:15,(anonymous_2)
FN:17,(anonymous_3)
FN:23,(anonymous_4)
FN:30,(anonymous_5)
FN:35,(anonymous_6)
FN:43,(anonymous_7)
FN:57,(anonymous_8)
FN:59,(anonymous_9)
FN:80,(anonymous_10)
FN:80,(anonymous_11)
FN:95,(anonymous_12)
FN:99,(anonymous_13)
FN:108,(anonymous_14)
FN:137,(anonymous_15)
FNF:16
FNH:12
FNDA:45,(anonymous_0)
FNDA:8,CompanySwitcher
FNDA:4,(anonymous_2)
FNDA:4,(anonymous_3)
FNDA:4,(anonymous_4)
FNDA:4,(anonymous_5)
FNDA:6,(anonymous_6)
FNDA:0,(anonymous_7)
FNDA:4,(anonymous_8)
FNDA:5,(anonymous_9)
FNDA:4,(anonymous_10)
FNDA:4,(anonymous_11)
FNDA:0,(anonymous_12)
FNDA:9,(anonymous_13)
FNDA:0,(anonymous_14)
FNDA:0,(anonymous_15)
DA:7,45
DA:10,8
DA:11,8
DA:12,8
DA:13,8
DA:15,8
DA:16,4
DA:17,4
DA:18,2
DA:20,2
DA:23,8
DA:24,4
DA:25,4
DA:30,8
DA:31,4
DA:34,4
DA:36,6
DA:38,4
DA:39,4
DA:43,0
DA:44,0
DA:45,0
DA:46,0
DA:48,0
DA:49,0
DA:50,0
DA:53,0
DA:54,4
DA:57,8
DA:58,4
DA:59,4
DA:61,5
DA:62,5
DA:63,4
DA:68,1
DA:69,5
DA:70,5
DA:72,4
DA:75,8
DA:77,8
DA:80,4
DA:95,0
DA:100,9
DA:101,9
DA:102,9
DA:103,9
DA:104,9
DA:105,9
DA:109,0
DA:110,0
DA:111,0
DA:138,0
DA:139,0
LF:53
LH:39
BRDA:7,0,0,2
BRDA:7,0,1,43
BRDA:9,1,0,8
BRDA:17,2,0,2
BRDA:17,2,1,2
BRDA:17,3,0,4
BRDA:17,3,1,2
BRDA:24,4,0,0
BRDA:24,4,1,4
BRDA:24,5,0,0
BRDA:24,5,1,0
BRDA:26,6,0,4
BRDA:26,6,1,0
BRDA:26,6,2,0
BRDA:31,7,0,0
BRDA:31,7,1,4
BRDA:36,8,0,6
BRDA:36,8,1,2
BRDA:36,8,2,2
BRDA:38,9,0,4
BRDA:38,9,1,0
BRDA:44,10,0,0
BRDA:44,10,1,0
BRDA:45,11,0,0
BRDA:45,11,1,0
BRDA:46,12,0,0
BRDA:46,12,1,0
BRDA:48,13,0,0
BRDA:48,13,1,0
BRDA:48,13,2,0
BRDA:49,14,0,0
BRDA:49,14,1,0
BRDA:49,14,2,0
BRDA:53,15,0,0
BRDA:53,15,1,0
BRDA:53,15,2,0
BRDA:61,16,0,5
BRDA:61,16,1,0
BRDA:62,17,0,1
BRDA:62,17,1,4
BRDA:63,18,0,3
BRDA:63,18,1,1
BRDA:68,19,0,1
BRDA:68,19,1,0
BRDA:68,19,2,0
BRDA:69,20,0,5
BRDA:69,20,1,0
BRDA:69,20,2,0
BRDA:75,21,0,0
BRDA:75,21,1,8
BRDA:85,22,0,8
BRDA:85,22,1,0
BRDA:85,22,2,0
BRDA:89,23,0,8
BRDA:89,23,1,8
BRDA:92,24,0,8
BRDA:92,24,1,4
BRDA:100,25,0,9
BRDA:100,25,1,0
BRDA:100,25,2,0
BRDA:120,26,0,4
BRDA:120,26,1,5
BRDA:122,27,0,9
BRDA:122,27,1,4
BRDA:130,28,0,9
BRDA:130,28,1,4
BRF:66
BRH:34
end_of_record
TN:
SF:src/components/InvoicePreview.jsx
FN:36,(anonymous_0)
FN:52,(anonymous_1)
FN:61,(anonymous_2)
FN:71,(anonymous_3)
FN:75,(anonymous_4)
FN:76,(anonymous_5)
FN:93,(anonymous_6)
FN:94,(anonymous_7)
FN:200,(anonymous_8)
FN:211,(anonymous_9)
FN:223,(anonymous_10)
FNF:11
FNH:2
FNDA:2,(anonymous_0)
FNDA:0,(anonymous_1)
FNDA:0,(anonymous_2)
FNDA:0,(anonymous_3)
FNDA:0,(anonymous_4)
FNDA:0,(anonymous_5)
FNDA:0,(anonymous_6)
FNDA:0,(anonymous_7)
FNDA:0,(anonymous_8)
FNDA:0,(anonymous_9)
FNDA:1,(anonymous_10)
DA:27,1
DA:36,1
DA:44,2
DA:45,2
DA:46,2
DA:47,2
DA:48,2
DA:49,2
DA:50,2
DA:52,2
DA:53,0
DA:54,0
DA:55,0
DA:56,0
DA:57,0
DA:58,0
DA:61,2
DA:62,0
DA:63,0
DA:64,0
DA:65,0
DA:67,0
DA:71,2
DA:72,0
DA:75,2
DA:76,0
DA:77,0
DA:78,0
DA:79,0
DA:84,0
DA:93,2
DA:94,0
DA:95,0
DA:96,0
DA:97,0
DA:98,0
DA:101,0
DA:102,0
DA:103,0
DA:105,0
DA:110,0
DA:119,2
DA:120,2
DA:121,2
DA:122,2
DA:124,2
DA:200,0
DA:211,0
DA:223,1
LF:49
LH:20
BRDA:42,0,0,2
BRDA:78,1,0,0
BRDA:78,1,1,0
BRDA:97,2,0,0
BRDA:97,2,1,0
BRDA:112,3,0,0
BRDA:112,3,1,0
BRDA:120,4,0,2
BRDA:120,4,1,0
BRDA:159,5,0,2
BRDA:159,5,1,0
BRDA:159,5,2,0
BRDA:159,5,3,0
BRDA:163,6,0,0
BRDA:163,6,1,0
BRDA:163,6,2,0
BRDA:167,7,0,0
BRDA:167,7,1,0
BRDA:178,8,0,2
BRDA:178,8,1,0
BRDA:178,8,2,0
BRDA:183,9,0,2
BRDA:183,9,1,2
BRDA:191,10,0,1
BRDA:191,10,1,1
BRDA:195,11,0,1
BRDA:195,11,1,1
BRDA:228,12,0,0
BRDA:228,12,1,1
BRF:29
BRH:11
end_of_record
TN:
SF:src/components/ProjectBillingDialog.jsx
FN:19,(anonymous_0)
FN:36,(anonymous_1)
FN:40,(anonymous_2)
FN:45,(anonymous_3)
FN:57,(anonymous_4)
FN:63,(anonymous_5)
FN:78,(anonymous_6)
FN:84,(anonymous_7)
FN:85,(anonymous_8)
FN:85,(anonymous_9)
FN:89,(anonymous_10)
FN:90,(anonymous_11)
FN:104,(anonymous_12)
FN:111,(anonymous_13)
FN:125,(anonymous_14)
FN:126,(anonymous_15)
FN:131,(anonymous_16)
FN:132,(anonymous_17)
FN:143,(anonymous_18)
FN:149,(anonymous_19)
FN:157,(anonymous_20)
FN:162,(anonymous_21)
FN:227,(anonymous_22)
FN:234,(anonymous_23)
FN:263,(anonymous_24)
FN:272,(anonymous_25)
FN:272,(anonymous_26)
FN:272,(anonymous_27)
FN:293,(anonymous_28)
FN:302,(anonymous_29)
FN:302,(anonymous_30)
FN:302,(anonymous_31)
FNF:32
FNH:6
FNDA:6,(anonymous_0)
FNDA:6,(anonymous_1)
FNDA:2,(anonymous_2)
FNDA:2,(anonymous_3)
FNDA:2,(anonymous_4)
FNDA:0,(anonymous_5)
FNDA:2,(anonymous_6)
FNDA:0,(anonymous_7)
FNDA:0,(anonymous_8)
FNDA:0,(anonymous_9)
FNDA:0,(anonymous_10)
FNDA:0,(anonymous_11)
FNDA:0,(anonymous_12)
FNDA:0,(anonymous_13)
FNDA:0,(anonymous_14)
FNDA:0,(anonymous_15)
FNDA:0,(anonymous_16)
FNDA:0,(anonymous_17)
FNDA:0,(anonymous_18)
FNDA:0,(anonymous_19)
FNDA:0,(anonymous_20)
FNDA:0,(anonymous_21)
FNDA:0,(anonymous_22)
FNDA:0,(anonymous_23)
FNDA:0,(anonymous_24)
FNDA:0,(anonymous_25)
FNDA:0,(anonymous_26)
FNDA:0,(anonymous_27)
FNDA:0,(anonymous_28)
FNDA:0,(anonymous_29)
FNDA:0,(anonymous_30)
FNDA:0,(anonymous_31)
DA:19,1
DA:20,6
DA:21,6
DA:22,6
DA:23,6
DA:24,6
DA:25,6
DA:26,6
DA:28,6
DA:29,6
DA:30,6
DA:31,6
DA:32,6
DA:33,6
DA:34,6
DA:36,6
DA:37,6
DA:40,6
DA:41,2
DA:42,1
DA:45,6
DA:46,2
DA:48,2
DA:49,0
DA:50,0
DA:51,0
DA:52,0
DA:55,2
DA:57,2
DA:58,2
DA:59,2
DA:60,2
DA:61,1
DA:62,1
DA:63,1
DA:65,1
DA:66,1
DA:67,1
DA:68,1
DA:70,2
DA:71,2
DA:76,2
DA:78,2
DA:79,2
DA:84,6
DA:85,0
DA:89,6
DA:90,0
DA:104,6
DA:106,0
DA:111,0
DA:125,6
DA:126,6
DA:127,0
DA:128,0
DA:129,0
DA:131,6
DA:132,6
DA:133,6
DA:135,6
DA:136,6
DA:139,6
DA:140,6
DA:141,6
DA:143,6
DA:144,0
DA:145,0
DA:146,0
DA:148,0
DA:149,0
DA:157,0
DA:162,0
DA:169,0
DA:182,0
DA:185,0
DA:186,0
DA:190,0
DA:191,0
DA:192,0
DA:193,0
DA:195,0
DA:197,0
DA:201,6
DA:228,0
DA:234,0
DA:264,0
DA:272,0
DA:294,0
DA:302,0
LF:89
LH:55
BRDA:42,0,0,1
BRDA:42,0,1,0
BRDA:46,1,0,0
BRDA:46,1,1,2
BRDA:48,2,0,0
BRDA:48,2,1,2
BRDA:61,3,0,0
BRDA:61,3,1,1
BRDA:65,4,0,0
BRDA:65,4,1,1
BRDA:70,5,0,2
BRDA:70,5,1,0
BRDA:85,6,0,0
BRDA:85,6,1,0
BRDA:96,7,0,0
BRDA:96,7,1,0
BRDA:106,8,0,0
BRDA:106,8,1,0
BRDA:108,9,0,0
BRDA:108,9,1,0
BRDA:110,10,0,0
BRDA:110,10,1,0
BRDA:127,11,0,0
BRDA:127,11,1,0
BRDA:128,12,0,0
BRDA:128,12,1,0
BRDA:128,12,2,0
BRDA:136,13,0,6
BRDA:136,13,1,0
BRDA:140,14,0,6
BRDA:140,14,1,6
BRDA:141,15,0,0
BRDA:141,15,1,6
BRDA:141,16,0,6
BRDA:141,16,1,0
BRDA:141,17,0,0
BRDA:141,17,1,6
BRDA:144,18,0,0
BRDA:144,18,1,0
BRDA:144,19,0,0
BRDA:144,19,1,0
BRDA:150,20,0,0
BRDA:150,20,1,0
BRDA:150,20,2,0
BRDA:151,21,0,0
BRDA:151,21,1,0
BRDA:152,22,0,0
BRDA:152,22,1,0
BRDA:152,22,2,0
BRDA:153,23,0,0
BRDA:153,23,1,0
BRDA:153,24,0,0
BRDA:153,24,1,0
BRDA:153,24,2,0
BRDA:179,25,0,0
BRDA:179,25,1,0
BRDA:185,26,0,0
BRDA:185,26,1,0
BRDA:185,27,0,0
BRDA:185,27,1,0
BRDA:193,28,0,0
BRDA:193,28,1,0
BRDA:211,29,0,2
BRDA:211,29,1,4
BRDA:223,30,0,4
BRDA:223,30,1,0
BRDA:237,31,0,0
BRDA:237,31,1,0
BRDA:237,31,2,0
BRDA:239,32,0,0
BRDA:239,32,1,0
BRDA:244,33,0,0
BRDA:244,33,1,0
BRDA:244,34,0,0
BRDA:244,34,1,0
BRDA:244,34,2,0
BRDA:261,35,0,4
BRDA:261,35,1,0
BRDA:291,36,0,4
BRDA:291,36,1,0
BRDA:320,37,0,4
BRDA:320,37,1,0
BRDA:326,38,0,4
BRDA:326,38,1,0
BRDA:340,39,0,4
BRDA:340,39,1,4
BRDA:343,40,0,0
BRDA:343,40,1,4
BRF:88
BRH:22
end_of_record
TN:
SF:src/components/accounting/ClosingAssistant.jsx
FN:10,formatDate
FN:17,asMoney
FN:21,ClosingAssistant
FN:30,(anonymous_3)
FN:33,load
FN:40,(anonymous_5)
FN:45,(anonymous_6)
FN:65,(anonymous_7)
FN:95,(anonymous_8)
FN:126,(anonymous_9)
FNF:10
FNH:9
FNDA:9,formatDate
FNDA:0,asMoney
FNDA:3,ClosingAssistant
FNDA:1,(anonymous_3)
FNDA:1,load
FNDA:1,(anonymous_5)
FNDA:3,(anonymous_6)
FNDA:3,(anonymous_7)
FNDA:1,(anonymous_8)
FNDA:6,(anonymous_9)
DA:11,9
DA:12,6
DA:13,6
DA:14,6
DA:18,0
DA:22,3
DA:23,3
DA:24,3
DA:25,3
DA:27,3
DA:28,3
DA:30,3
DA:31,1
DA:34,1
DA:35,1
DA:36,1
DA:39,1
DA:40,1
DA:41,1
DA:45,3
DA:46,3
DA:47,3
DA:48,1
DA:53,2
DA:54,0
DA:59,2
DA:65,3
DA:66,3
DA:67,3
DA:95,3
DA:96,1
DA:100,1
DA:101,1
DA:102,1
DA:105,3
DA:127,6
LF:36
LH:34
BRDA:11,0,0,3
BRDA:11,0,1,6
BRDA:13,1,0,0
BRDA:13,1,1,6
BRDA:18,2,0,0
BRDA:18,2,1,0
BRDA:27,3,0,3
BRDA:27,3,1,0
BRDA:28,4,0,3
BRDA:28,4,1,0
BRDA:35,5,0,0
BRDA:35,5,1,1
BRDA:36,6,0,1
BRDA:36,6,1,0
BRDA:46,7,0,3
BRDA:46,7,1,2
BRDA:46,7,2,2
BRDA:47,8,0,1
BRDA:47,8,1,2
BRDA:53,9,0,0
BRDA:53,9,1,2
BRDA:66,10,0,3
BRDA:66,10,1,2
BRDA:66,10,2,2
BRDA:73,11,0,2
BRDA:73,11,1,1
BRDA:85,12,0,3
BRDA:85,12,1,0
BRDA:100,13,0,0
BRDA:100,13,1,1
BRDA:102,14,0,1
BRDA:102,14,1,1
BRDA:130,15,0,5
BRDA:130,15,1,1
BRDA:133,16,0,5
BRDA:133,16,1,1
BRDA:153,17,0,3
BRDA:153,17,1,3
BRDA:157,18,0,3
BRDA:157,18,1,3
BRDA:158,19,0,0
BRDA:158,19,1,3
BRF:42
BRH:31
end_of_record
TN:
SF:src/components/accounting/IncomeStatement.jsx
FN:8,toNumber
FN:13,normalizeAccount
FN:26,normalizeGroups
FN:30,(anonymous_3)
FN:32,(anonymous_4)
FN:50,(anonymous_5)
FN:51,(anonymous_6)
FN:52,(anonymous_7)
FN:61,(anonymous_8)
FN:62,(anonymous_9)
FN:64,(anonymous_10)
FN:71,(anonymous_11)
FNF:12
FNH:11
FNDA:6,toNumber
FNDA:3,normalizeAccount
FNDA:2,normalizeGroups
FNDA:3,(anonymous_3)
FNDA:0,(anonymous_4)
FNDA:1,(anonymous_5)
FNDA:1,(anonymous_6)
FNDA:1,(anonymous_7)
FNDA:2,(anonymous_8)
FNDA:2,(anonymous_9)
FNDA:3,(anonymous_10)
FNDA:3,(anonymous_11)
DA:9,6
DA:10,6
DA:14,3
DA:27,2
DA:28,2
DA:30,3
DA:31,2
DA:32,0
DA:38,2
DA:39,2
DA:40,3
DA:41,3
DA:42,2
DA:44,3
DA:47,2
DA:50,1
DA:51,1
DA:52,1
DA:54,1
DA:56,1
DA:57,1
DA:58,1
DA:59,1
DA:61,1
DA:62,2
DA:63,2
DA:64,3
DA:66,2
DA:68,2
DA:72,3
DA:86,1
LF:31
LH:30
BRDA:9,0,0,6
BRDA:9,0,1,0
BRDA:10,1,0,6
BRDA:10,1,1,0
BRDA:16,2,0,3
BRDA:16,2,1,3
BRDA:16,2,2,0
BRDA:16,2,3,0
BRDA:19,3,0,0
BRDA:19,3,1,0
BRDA:19,4,0,0
BRDA:19,4,1,0
BRDA:19,4,2,0
BRDA:20,5,0,3
BRDA:20,5,1,0
BRDA:20,5,2,0
BRDA:21,6,0,3
BRDA:21,6,1,0
BRDA:21,6,2,0
BRDA:22,7,0,3
BRDA:22,7,1,0
BRDA:22,7,2,0
BRDA:27,8,0,2
BRDA:27,8,1,0
BRDA:28,9,0,0
BRDA:28,9,1,2
BRDA:31,10,0,0
BRDA:31,10,1,2
BRDA:33,11,0,0
BRDA:33,11,1,0
BRDA:33,11,2,0
BRDA:34,12,0,0
BRDA:34,12,1,0
BRDA:40,13,0,3
BRDA:40,13,1,0
BRDA:40,13,2,0
BRDA:41,14,0,2
BRDA:41,14,1,1
BRDA:54,15,0,0
BRDA:54,15,1,1
BRDA:63,16,0,2
BRDA:63,16,1,0
BRDA:66,17,0,0
BRDA:66,17,1,2
BRDA:77,18,0,1
BRDA:77,18,1,2
BRDA:91,19,0,1
BRDA:91,19,1,0
BRDA:94,20,0,1
BRDA:94,20,1,1
BRDA:101,21,0,1
BRDA:101,21,1,0
BRDA:106,22,0,1
BRDA:106,22,1,0
BRDA:119,23,0,1
BRDA:119,23,1,0
BRDA:135,24,0,1
BRDA:135,24,1,0
BRDA:151,25,0,1
BRDA:151,25,1,0
BRDA:153,26,0,1
BRDA:153,26,1,0
BRDA:154,27,0,1
BRDA:154,27,1,0
BRF:64
BRH:28
end_of_record
TN:
SF:src/components/admin/AdminFeatureFlagsPanel.jsx
FN:11,(anonymous_0)
FN:35,(anonymous_1)
FN:39,(anonymous_2)
FN:41,(anonymous_3)
FN:90,(anonymous_4)
FN:109,(anonymous_5)
FN:127,(anonymous_6)
FN:144,(anonymous_7)
FN:145,(anonymous_8)
FN:150,(anonymous_9)
FN:170,(anonymous_10)
FN:170,(anonymous_11)
FN:188,(anonymous_12)
FNF:13
FNH:13
FNDA:6,(anonymous_0)
FNDA:6,(anonymous_1)
FNDA:6,(anonymous_2)
FNDA:2,(anonymous_3)
FNDA:6,(anonymous_4)
FNDA:36,(anonymous_5)
FNDA:6,(anonymous_6)
FNDA:1,(anonymous_7)
FNDA:1,(anonymous_8)
FNDA:24,(anonymous_9)
FNDA:1,(anonymous_10)
FNDA:1,(anonymous_11)
FNDA:24,(anonymous_12)
DA:9,1
DA:11,1
DA:12,6
DA:13,6
DA:14,6
DA:15,6
DA:18,1
DA:24,1
DA:30,1
DA:35,1
DA:36,6
DA:37,6
DA:39,6
DA:41,6
DA:42,2
DA:43,2
DA:44,2
DA:46,2
DA:50,6
DA:91,6
DA:110,36
DA:128,6
DA:129,6
DA:145,1
DA:151,24
DA:170,1
DA:188,1
DA:189,24
LF:28
LH:28
BRDA:12,0,0,0
BRDA:12,0,1,6
BRDA:14,1,0,0
BRDA:14,1,1,6
BRDA:69,2,0,0
BRDA:69,2,1,6
BRDA:84,3,0,6
BRDA:84,3,1,0
BRDA:85,4,0,6
BRDA:85,4,1,0
BRDA:88,5,0,6
BRDA:88,5,1,6
BRDA:97,6,0,6
BRDA:97,6,1,0
BRDA:112,7,0,6
BRDA:112,7,1,30
BRDA:120,8,0,0
BRDA:120,8,1,6
BRDA:134,9,0,6
BRDA:134,9,1,6
BRDA:138,10,0,6
BRDA:138,10,1,0
BRDA:143,11,0,6
BRDA:143,11,1,0
BRDA:159,12,0,6
BRDA:159,12,1,0
BRDA:172,13,0,6
BRDA:172,13,1,0
BRF:28
BRH:17
end_of_record
TN:
SF:src/components/admin/AdminOperationalHealthPanel.jsx
FN:30,(anonymous_0)
FN:37,(anonymous_1)
FN:42,(anonymous_2)
FN:50,(anonymous_3)
FN:103,(anonymous_4)
FN:133,(anonymous_5)
FN:151,(anonymous_6)
FN:170,(anonymous_7)
FN:174,(anonymous_8)
FN:193,(anonymous_9)
FN:201,(anonymous_10)
FNF:11
FNH:11
FNDA:12,(anonymous_0)
FNDA:4,(anonymous_1)
FNDA:4,(anonymous_2)
FNDA:1,(anonymous_3)
FNDA:4,(anonymous_4)
FNDA:28,(anonymous_5)
FNDA:4,(anonymous_6)
FNDA:1,(anonymous_7)
FNDA:16,(anonymous_8)
FNDA:16,(anonymous_9)
FNDA:20,(anonymous_10)
DA:9,1
DA:11,1
DA:18,1
DA:24,1
DA:30,1
DA:31,12
DA:32,12
DA:33,12
DA:34,12
DA:37,1
DA:38,4
DA:39,4
DA:41,4
DA:42,4
DA:50,4
DA:51,1
DA:52,1
DA:53,1
DA:55,1
DA:59,4
DA:104,4
DA:134,28
DA:152,4
DA:170,1
DA:175,16
DA:193,1
DA:194,16
DA:201,1
DA:202,20
LF:29
LH:29
BRDA:31,0,0,0
BRDA:31,0,1,12
BRDA:33,1,0,0
BRDA:33,1,1,12
BRDA:78,2,0,0
BRDA:78,2,1,4
BRDA:97,3,0,4
BRDA:97,3,1,0
BRDA:98,4,0,4
BRDA:98,4,1,0
BRDA:101,5,0,4
BRDA:101,5,1,4
BRDA:121,6,0,4
BRDA:121,6,1,0
BRDA:136,7,0,4
BRDA:136,7,1,24
BRDA:144,8,0,0
BRDA:144,8,1,4
BRDA:155,9,0,4
BRDA:155,9,1,0
BRDA:158,10,0,4
BRDA:158,10,1,0
BRDA:159,11,0,4
BRDA:159,11,1,0
BRDA:162,12,0,4
BRDA:162,12,1,0
BRDA:163,13,0,4
BRDA:163,13,1,0
BRDA:169,14,0,4
BRDA:169,14,1,0
BRF:30
BRH:17
end_of_record
TN:
SF:src/components/admin/AdminTraceabilityPanel.jsx
FN:28,(anonymous_0)
FN:35,(anonymous_1)
FN:40,(anonymous_2)
FN:42,(anonymous_3)
FN:46,(anonymous_4)
FN:65,(anonymous_5)
FN:107,(anonymous_6)
FN:119,(anonymous_7)
FN:126,(anonymous_8)
FN:148,(anonymous_9)
FN:166,(anonymous_10)
FN:197,(anonymous_11)
FNF:12
FNH:11
FNDA:2,(anonymous_0)
FNDA:3,(anonymous_1)
FNDA:3,(anonymous_2)
FNDA:3,(anonymous_3)
FNDA:3,(anonymous_4)
FNDA:6,(anonymous_5)
FNDA:3,(anonymous_6)
FNDA:1,(anonymous_7)
FNDA:0,(anonymous_8)
FNDA:21,(anonymous_9)
FNDA:2,(anonymous_10)
FNDA:12,(anonymous_11)
DA:10,1
DA:16,1
DA:22,1
DA:28,1
DA:29,2
DA:30,2
DA:31,2
DA:32,2
DA:35,1
DA:36,3
DA:37,3
DA:38,3
DA:40,3
DA:42,3
DA:43,3
DA:46,3
DA:48,3
DA:49,3
DA:50,0
DA:52,3
DA:53,2
DA:56,1
DA:65,6
DA:69,3
DA:108,3
DA:119,1
DA:126,0
DA:149,21
DA:167,2
DA:197,1
DA:198,12
LF:31
LH:29
BRDA:29,0,0,0
BRDA:29,0,1,2
BRDA:31,1,0,0
BRDA:31,1,1,2
BRDA:43,2,0,3
BRDA:43,2,1,2
BRDA:48,3,0,3
BRDA:48,3,1,0
BRDA:48,4,0,0
BRDA:48,4,1,0
BRDA:49,5,0,0
BRDA:49,5,1,3
BRDA:52,6,0,2
BRDA:52,6,1,1
BRDA:88,7,0,0
BRDA:88,7,1,3
BRDA:103,8,0,3
BRDA:103,8,1,0
BRDA:105,9,0,3
BRDA:105,9,1,3
BRDA:136,10,0,3
BRDA:136,10,1,0
BRDA:159,11,0,1
BRDA:159,11,1,2
BRDA:172,12,0,2
BRDA:172,12,1,0
BRDA:176,13,0,2
BRDA:176,13,1,0
BRDA:177,14,0,2
BRDA:177,14,1,0
BRDA:181,15,0,2
BRDA:181,15,1,0
BRDA:182,16,0,2
BRDA:182,16,1,0
BRDA:185,17,0,2
BRDA:185,17,1,0
BRF:36
BRH:21
end_of_record
TN:
SF:src/components/cfo/CfoChatPanel.jsx
FN:10,(anonymous_0)
FN:16,(anonymous_1)
FN:19,(anonymous_2)
FN:21,(anonymous_3)
FN:24,(anonymous_4)
FN:31,(anonymous_5)
FN:35,(anonymous_6)
FN:41,(anonymous_7)
FN:48,(anonymous_8)
FN:100,(anonymous_9)
FN:103,(anonymous_10)
FN:114,(anonymous_11)
FN:133,(anonymous_12)
FN:160,(anonymous_13)
FN:173,(anonymous_14)
FN:229,(anonymous_15)
FN:232,(anonymous_16)
FN:247,(anonymous_17)
FNF:18
FNH:11
FNDA:5,(anonymous_0)
FNDA:3,(anonymous_1)
FNDA:1,(anonymous_2)
FNDA:1,(anonymous_3)
FNDA:1,(anonymous_4)
FNDA:1,(anonymous_5)
FNDA:0,(anonymous_6)
FNDA:0,(anonymous_7)
FNDA:0,(anonymous_8)
FNDA:0,(anonymous_9)
FNDA:0,(anonymous_10)
FNDA:1,(anonymous_11)
FNDA:1,(anonymous_12)
FNDA:3,(anonymous_13)
FNDA:8,(anonymous_14)
FNDA:3,(anonymous_15)
FNDA:0,(anonymous_16)
FNDA:0,(anonymous_17)
DA:8,1
DA:10,1
DA:11,5
DA:16,1
DA:17,3
DA:19,1
DA:20,1
DA:21,1
DA:24,1
DA:25,1
DA:26,1
DA:27,1
DA:28,1
DA:29,1
DA:31,1
DA:32,1
DA:35,1
DA:36,0
DA:37,0
DA:38,0
DA:41,1
DA:42,0
DA:43,0
DA:44,0
DA:48,1
DA:49,0
DA:50,0
DA:53,1
DA:59,1
DA:61,1
DA:101,0
DA:103,0
DA:115,1
DA:134,1
DA:135,1
DA:137,1
DA:148,1
DA:161,3
DA:174,8
DA:230,3
DA:232,0
DA:247,0
LF:42
LH:30
BRDA:14,0,0,5
BRDA:14,0,1,0
BRDA:17,1,0,3
BRDA:17,1,1,0
BRDA:20,2,0,0
BRDA:20,2,1,1
BRDA:21,3,0,1
BRDA:21,3,1,0
BRDA:36,4,0,0
BRDA:36,4,1,0
BRDA:36,5,0,0
BRDA:36,5,1,0
BRDA:42,6,0,0
BRDA:42,6,1,0
BRDA:42,7,0,0
BRDA:42,7,1,0
BRDA:49,8,0,0
BRDA:49,8,1,0
BRDA:59,9,0,0
BRDA:59,9,1,1
BRDA:76,10,0,1
BRDA:76,10,1,1
BRDA:90,11,0,1
BRDA:90,11,1,0
BRDA:115,12,0,0
BRDA:115,12,1,1
BRDA:116,13,0,1
BRDA:116,13,1,1
BRDA:123,14,0,0
BRDA:123,14,1,1
BRDA:125,15,0,0
BRDA:125,15,1,1
BRDA:131,16,0,1
BRDA:131,16,1,1
BRDA:131,16,2,1
BRDA:135,17,0,0
BRDA:135,17,1,1
BRDA:157,18,0,1
BRDA:157,18,1,0
BRDA:160,19,0,1
BRDA:160,19,1,0
BRDA:177,20,0,5
BRDA:177,20,1,3
BRDA:184,21,0,1
BRDA:184,21,1,1
BRDA:192,22,0,1
BRDA:192,22,1,1
BRDA:201,23,0,1
BRDA:201,23,1,0
BRDA:209,24,0,1
BRDA:209,24,1,0
BRDA:227,25,0,1
BRDA:227,25,1,1
BRDA:227,25,2,1
BRDA:227,25,3,1
BRDA:255,26,0,1
BRDA:255,26,1,0
BRF:57
BRH:32
end_of_record
TN:
SF:src/components/cfo/CfoGuidedActionsPanel.jsx
FN:18,(anonymous_0)
FN:40,(anonymous_1)
FNF:2
FNH:2
FNDA:1,(anonymous_0)
FNDA:3,(anonymous_1)
DA:5,1
DA:11,1
DA:18,1
DA:19,1
DA:20,1
DA:22,1
DA:41,3
DA:42,3
DA:44,3
LF:9
LH:9
BRDA:41,0,0,3
BRDA:41,0,1,0
BRDA:42,1,0,3
BRDA:42,1,1,3
BRDA:66,2,0,1
BRDA:66,2,1,2
BRDA:67,3,0,1
BRDA:67,3,1,2
BRDA:71,4,0,3
BRDA:71,4,1,0
BRDA:77,5,0,3
BRDA:77,5,1,1
BRDA:80,6,0,0
BRDA:80,6,1,1
BRDA:82,7,0,1
BRDA:82,7,1,0
BRF:16
BRH:12
end_of_record
TN:
SF:src/components/cfo/CfoWeeklyBriefingCard.jsx
FN:6,(anonymous_0)
FN:16,(anonymous_1)
FN:121,(anonymous_2)
FN:137,(anonymous_3)
FNF:4
FNH:4
FNDA:1,(anonymous_0)
FNDA:1,(anonymous_1)
FNDA:1,(anonymous_2)
FNDA:1,(anonymous_3)
DA:6,1
DA:7,1
DA:8,1
DA:9,1
DA:10,1
DA:16,1
DA:17,1
DA:19,1
DA:20,1
DA:23,1
DA:24,1
DA:26,1
DA:122,1
DA:138,1
LF:14
LH:14
BRDA:7,0,0,0
BRDA:7,0,1,1
BRDA:9,1,0,0
BRDA:9,1,1,1
BRDA:16,2,0,1
BRDA:16,3,0,1
BRDA:16,4,0,1
BRDA:19,5,0,1
BRDA:19,5,1,0
BRDA:20,6,0,1
BRDA:20,6,1,0
BRDA:50,7,0,0
BRDA:50,7,1,1
BRDA:55,8,0,0
BRDA:55,8,1,1
BRDA:60,9,0,1
BRDA:60,9,1,0
BRDA:69,10,0,0
BRDA:69,10,1,0
BRDA:76,11,0,1
BRDA:76,11,1,0
BRDA:85,12,0,1
BRDA:85,12,1,0
BRDA:85,12,2,0
BRDA:92,13,0,1
BRDA:92,13,1,1
BRDA:99,14,0,1
BRDA:99,14,1,0
BRDA:106,15,0,1
BRDA:106,15,1,0
BRDA:117,16,0,1
BRDA:117,16,1,1
BRDA:131,17,0,1
BRDA:131,17,1,1
BRF:34
BRH:20
end_of_record
TN:
SF:src/components/consolidation/ConsolidatedEntitiesTable.jsx
FN:38,ConsolidatedEntitiesTable
FN:48,(anonymous_1)
FN:103,(anonymous_2)
FN:109,(anonymous_3)
FN:146,(anonymous_4)
FNF:5
FNH:5
FNDA:1,ConsolidatedEntitiesTable
FNDA:1,(anonymous_1)
FNDA:3,(anonymous_2)
FNDA:1,(anonymous_3)
FNDA:1,(anonymous_4)
DA:11,1
DA:32,1
DA:45,1
DA:47,1
DA:48,1
DA:70,1
DA:104,3
DA:109,1
DA:147,1
DA:148,1
DA:150,1
LF:11
LH:11
BRDA:39,0,0,1
BRDA:40,1,0,1
BRDA:41,2,0,1
BRDA:43,3,0,1
BRDA:107,4,0,1
BRDA:107,4,1,2
BRDA:111,5,0,1
BRDA:111,5,1,2
BRDA:121,6,0,0
BRDA:121,6,1,1
BRDA:147,7,0,1
BRDA:147,7,1,0
BRDA:160,8,0,1
BRDA:160,8,1,0
BRDA:163,9,0,1
BRDA:163,9,1,0
BRDA:166,10,0,1
BRDA:166,10,1,0
BRDA:170,11,0,1
BRDA:170,11,1,0
BRDA:172,12,0,1
BRDA:172,12,1,0
BRF:22
BRH:15
end_of_record
TN:
SF:src/components/ged/GedWorkflowDialog.jsx
FN:20,(anonymous_0)
FN:28,(anonymous_1)
FN:35,(anonymous_2)
FN:51,(anonymous_3)
FN:82,(anonymous_4)
FN:100,(anonymous_5)
FN:108,(anonymous_6)
FN:116,(anonymous_7)
FN:124,(anonymous_8)
FNF:9
FNH:4
FNDA:27,(anonymous_0)
FNDA:28,(anonymous_1)
FNDA:8,(anonymous_2)
FNDA:0,(anonymous_3)
FNDA:0,(anonymous_4)
FNDA:1,(anonymous_5)
FNDA:0,(anonymous_6)
FNDA:0,(anonymous_7)
FNDA:0,(anonymous_8)
DA:9,1
DA:20,1
DA:21,27
DA:22,21
DA:23,14
DA:24,7
DA:25,0
DA:28,1
DA:29,28
DA:30,2
DA:31,2
DA:32,2
DA:35,1
DA:47,8
DA:48,8
DA:50,8
DA:51,0
DA:82,0
DA:100,1
DA:108,0
DA:116,0
DA:124,0
LF:22
LH:16
BRDA:21,0,0,6
BRDA:21,0,1,21
BRDA:22,1,0,7
BRDA:22,1,1,14
BRDA:23,2,0,7
BRDA:23,2,1,7
BRDA:24,3,0,7
BRDA:24,3,1,0
BRDA:29,4,0,26
BRDA:29,4,1,2
BRDA:31,5,0,0
BRDA:31,5,1,2
BRDA:47,6,0,8
BRDA:47,6,1,5
BRDA:48,7,0,8
BRDA:48,7,1,0
BRDA:51,8,0,0
BRDA:51,8,1,0
BRDA:55,9,0,8
BRDA:55,9,1,5
BRDA:74,10,0,8
BRDA:74,10,1,5
BRDA:104,11,0,1
BRDA:104,11,1,6
BRDA:112,12,0,0
BRDA:112,12,1,7
BRDA:120,13,0,0
BRDA:120,13,1,7
BRDA:128,14,0,0
BRDA:128,14,1,7
BRF:30
BRH:22
end_of_record
TN:
SF:src/components/invoice-templates/BoldTemplate.jsx
FN:11,(anonymous_0)
FN:13,(anonymous_1)
FN:15,(anonymous_2)
FN:100,(anonymous_3)
FNF:4
FNH:0
FNDA:0,(anonymous_0)
FNDA:0,(anonymous_1)
FNDA:0,(anonymous_2)
FNDA:0,(anonymous_3)
DA:11,1
DA:12,0
DA:13,0
DA:15,0
DA:16,0
DA:18,0
DA:19,0
DA:20,0
DA:21,0
DA:23,0
DA:101,0
DA:102,0
DA:103,0
DA:104,0
LF:14
LH:1
BRDA:13,0,0,0
BRDA:13,0,1,0
BRDA:16,1,0,0
BRDA:16,1,1,0
BRDA:16,1,2,0
BRDA:18,2,0,0
BRDA:18,2,1,0
BRDA:18,2,2,0
BRDA:20,3,0,0
BRDA:20,3,1,0
BRDA:20,3,2,0
BRDA:24,4,0,0
BRDA:24,4,1,0
BRDA:30,5,0,0
BRDA:30,5,1,0
BRDA:30,5,2,0
BRDA:34,6,0,0
BRDA:34,6,1,0
BRDA:38,7,0,0
BRDA:38,7,1,0
BRDA:39,8,0,0
BRDA:39,8,1,0
BRDA:40,9,0,0
BRDA:40,9,1,0
BRDA:45,10,0,0
BRDA:45,10,1,0
BRDA:46,11,0,0
BRDA:46,11,1,0
BRDA:56,12,0,0
BRDA:56,12,1,0
BRDA:56,13,0,0
BRDA:56,13,1,0
BRDA:56,14,0,0
BRDA:56,14,1,0
BRDA:58,15,0,0
BRDA:58,15,1,0
BRDA:58,16,0,0
BRDA:58,16,1,0
BRDA:58,17,0,0
BRDA:58,17,1,0
BRDA:62,18,0,0
BRDA:62,18,1,0
BRDA:62,18,2,0
BRDA:75,19,0,0
BRDA:75,19,1,0
BRDA:76,20,0,0
BRDA:76,20,1,0
BRDA:77,21,0,0
BRDA:77,21,1,0
BRDA:77,21,2,0
BRDA:78,22,0,0
BRDA:78,22,1,0
BRDA:78,22,2,0
BRDA:79,23,0,0
BRDA:79,23,1,0
BRDA:92,24,0,0
BRDA:92,24,1,0
BRDA:95,25,0,0
BRDA:95,25,1,0
BRDA:101,26,0,0
BRDA:101,26,1,0
BRDA:101,26,2,0
BRDA:107,27,0,0
BRDA:107,27,1,0
BRDA:107,28,0,0
BRDA:107,28,1,0
BRDA:109,29,0,0
BRDA:109,29,1,0
BRDA:109,29,2,0
BRDA:110,30,0,0
BRDA:110,30,1,0
BRDA:112,31,0,0
BRDA:112,31,1,0
BRDA:127,32,0,0
BRDA:127,32,1,0
BRDA:127,32,2,0
BRDA:128,33,0,0
BRDA:128,33,1,0
BRDA:131,34,0,0
BRDA:131,34,1,0
BRDA:131,34,2,0
BRDA:131,35,0,0
BRDA:131,35,1,0
BRDA:131,35,2,0
BRDA:131,36,0,0
BRDA:131,36,1,0
BRDA:131,36,2,0
BRDA:131,37,0,0
BRDA:131,37,1,0
BRDA:131,38,0,0
BRDA:131,38,1,0
BRDA:138,39,0,0
BRDA:138,39,1,0
BRDA:138,39,2,0
BRDA:141,40,0,0
BRDA:141,40,1,0
BRDA:146,41,0,0
BRDA:146,41,1,0
BRDA:146,42,0,0
BRDA:146,42,1,0
BRDA:154,43,0,0
BRDA:154,43,1,0
BRDA:168,44,0,0
BRDA:168,44,1,0
BRDA:168,44,2,0
BRDA:168,44,3,0
BRDA:168,44,4,0
BRDA:171,45,0,0
BRDA:171,45,1,0
BRDA:172,46,0,0
BRDA:172,46,1,0
BRDA:173,47,0,0
BRDA:173,47,1,0
BRDA:179,48,0,0
BRDA:179,48,1,0
BRDA:179,48,2,0
BRDA:180,49,0,0
BRDA:180,49,1,0
BRDA:180,50,0,0
BRDA:180,50,1,0
BRF:120
BRH:0
end_of_record
TN:
SF:src/components/invoice-templates/ClassicTemplate.jsx
FN:11,(anonymous_0)
FN:13,(anonymous_1)
FN:15,(anonymous_2)
FN:122,(anonymous_3)
FNF:4
FNH:0
FNDA:0,(anonymous_0)
FNDA:0,(anonymous_1)
FNDA:0,(anonymous_2)
FNDA:0,(anonymous_3)
DA:11,1
DA:12,0
DA:13,0
DA:15,0
DA:16,0
DA:18,0
DA:19,0
DA:20,0
DA:21,0
DA:23,0
DA:123,0
DA:124,0
DA:125,0
DA:126,0
LF:14
LH:1
BRDA:13,0,0,0
BRDA:13,0,1,0
BRDA:16,1,0,0
BRDA:16,1,1,0
BRDA:16,1,2,0
BRDA:18,2,0,0
BRDA:18,2,1,0
BRDA:18,2,2,0
BRDA:20,3,0,0
BRDA:20,3,1,0
BRDA:20,3,2,0
BRDA:24,4,0,0
BRDA:24,4,1,0
BRDA:29,5,0,0
BRDA:29,5,1,0
BRDA:29,5,2,0
BRDA:33,6,0,0
BRDA:33,6,1,0
BRDA:36,7,0,0
BRDA:36,7,1,0
BRDA:38,8,0,0
BRDA:38,8,1,0
BRDA:38,9,0,0
BRDA:38,9,1,0
BRDA:38,9,2,0
BRDA:40,10,0,0
BRDA:40,10,1,0
BRDA:42,11,0,0
BRDA:42,11,1,0
BRDA:43,12,0,0
BRDA:43,12,1,0
BRDA:44,13,0,0
BRDA:44,13,1,0
BRDA:45,14,0,0
BRDA:45,14,1,0
BRDA:51,15,0,0
BRDA:51,15,1,0
BRDA:53,16,0,0
BRDA:53,16,1,0
BRDA:62,17,0,0
BRDA:62,17,1,0
BRDA:62,17,2,0
BRDA:79,18,0,0
BRDA:79,18,1,0
BRDA:80,19,0,0
BRDA:80,19,1,0
BRDA:81,20,0,0
BRDA:81,20,1,0
BRDA:81,20,2,0
BRDA:83,21,0,0
BRDA:83,21,1,0
BRDA:83,22,0,0
BRDA:83,22,1,0
BRDA:83,22,2,0
BRDA:85,23,0,0
BRDA:85,23,1,0
BRDA:93,24,0,0
BRDA:93,24,1,0
BRDA:93,25,0,0
BRDA:93,25,1,0
BRDA:93,26,0,0
BRDA:93,26,1,0
BRDA:99,27,0,0
BRDA:99,27,1,0
BRDA:99,28,0,0
BRDA:99,28,1,0
BRDA:99,29,0,0
BRDA:99,29,1,0
BRDA:114,30,0,0
BRDA:114,30,1,0
BRDA:117,31,0,0
BRDA:117,31,1,0
BRDA:123,32,0,0
BRDA:123,32,1,0
BRDA:123,32,2,0
BRDA:129,33,0,0
BRDA:129,33,1,0
BRDA:129,34,0,0
BRDA:129,34,1,0
BRDA:131,35,0,0
BRDA:131,35,1,0
BRDA:131,35,2,0
BRDA:132,36,0,0
BRDA:132,36,1,0
BRDA:134,37,0,0
BRDA:134,37,1,0
BRDA:135,38,0,0
BRDA:135,38,1,0
BRDA:150,39,0,0
BRDA:150,39,1,0
BRDA:150,39,2,0
BRDA:151,40,0,0
BRDA:151,40,1,0
BRDA:153,41,0,0
BRDA:153,41,1,0
BRDA:157,42,0,0
BRDA:157,42,1,0
BRDA:157,42,2,0
BRDA:157,43,0,0
BRDA:157,43,1,0
BRDA:157,43,2,0
BRDA:157,44,0,0
BRDA:157,44,1,0
BRDA:157,44,2,0
BRDA:157,45,0,0
BRDA:157,45,1,0
BRDA:157,46,0,0
BRDA:157,46,1,0
BRDA:162,47,0,0
BRDA:162,47,1,0
BRDA:162,47,2,0
BRDA:164,48,0,0
BRDA:164,48,1,0
BRDA:169,49,0,0
BRDA:169,49,1,0
BRDA:169,50,0,0
BRDA:169,50,1,0
BRDA:177,51,0,0
BRDA:177,51,1,0
BRDA:191,52,0,0
BRDA:191,52,1,0
BRDA:191,52,2,0
BRDA:191,52,3,0
BRDA:191,52,4,0
BRDA:195,53,0,0
BRDA:195,53,1,0
BRDA:196,54,0,0
BRDA:196,54,1,0
BRDA:197,55,0,0
BRDA:197,55,1,0
BRDA:204,56,0,0
BRDA:204,56,1,0
BRDA:204,57,0,0
BRDA:204,57,1,0
BRDA:205,58,0,0
BRDA:205,58,1,0
BRDA:205,59,0,0
BRDA:205,59,1,0
BRF:138
BRH:0
end_of_record
TN:
SF:src/components/invoice-templates/DMGDefaultTemplate.jsx
FN:6,(anonymous_0)
FN:11,(anonymous_1)
FN:24,(anonymous_2)
FN:37,(anonymous_3)
FN:38,(anonymous_4)
FN:55,(anonymous_5)
FN:62,(anonymous_6)
FN:100,(anonymous_7)
FN:122,(anonymous_8)
FN:149,(anonymous_9)
FNF:10
FNH:0
FNDA:0,(anonymous_0)
FNDA:0,(anonymous_1)
FNDA:0,(anonymous_2)
FNDA:0,(anonymous_3)
FNDA:0,(anonymous_4)
FNDA:0,(anonymous_5)
FNDA:0,(anonymous_6)
FNDA:0,(anonymous_7)
FNDA:0,(anonymous_8)
FNDA:0,(anonymous_9)
DA:6,1
DA:7,0
DA:8,0
DA:11,1
DA:12,0
DA:13,0
DA:14,0
DA:15,0
DA:16,0
DA:17,0
DA:18,0
DA:19,0
DA:20,0
DA:21,0
DA:24,1
DA:25,0
DA:26,0
DA:27,0
DA:28,0
DA:29,0
DA:30,0
DA:31,0
DA:32,0
DA:33,0
DA:34,0
DA:37,1
DA:38,0
DA:39,0
DA:40,0
DA:41,0
DA:42,0
DA:46,0
DA:55,1
DA:56,0
DA:57,0
DA:58,0
DA:59,0
DA:61,0
DA:62,0
DA:63,0
DA:64,0
DA:66,0
DA:67,0
DA:68,0
DA:69,0
DA:72,0
DA:74,0
DA:75,0
DA:76,0
DA:78,0
DA:79,0
DA:81,0
DA:101,0
DA:123,0
DA:150,0
LF:55
LH:5
BRDA:8,0,0,0
BRDA:8,0,1,0
BRDA:12,1,0,0
BRDA:12,1,1,0
BRDA:14,2,0,0
BRDA:14,2,1,0
BRDA:16,3,0,0
BRDA:16,3,1,0
BRDA:17,4,0,0
BRDA:17,4,1,0
BRDA:18,5,0,0
BRDA:18,5,1,0
BRDA:19,6,0,0
BRDA:19,6,1,0
BRDA:20,7,0,0
BRDA:20,7,1,0
BRDA:25,8,0,0
BRDA:25,8,1,0
BRDA:27,9,0,0
BRDA:27,9,1,0
BRDA:28,10,0,0
BRDA:28,10,1,0
BRDA:29,11,0,0
BRDA:29,11,1,0
BRDA:31,12,0,0
BRDA:31,12,1,0
BRDA:32,13,0,0
BRDA:32,13,1,0
BRDA:33,14,0,0
BRDA:33,14,1,0
BRDA:37,15,0,0
BRDA:39,16,0,0
BRDA:39,16,1,0
BRDA:39,16,2,0
BRDA:40,17,0,0
BRDA:40,17,1,0
BRDA:40,17,2,0
BRDA:41,18,0,0
BRDA:41,18,1,0
BRDA:41,18,2,0
BRDA:42,19,0,0
BRDA:42,19,1,0
BRDA:42,20,0,0
BRDA:42,20,1,0
BRDA:42,20,2,0
BRDA:57,21,0,0
BRDA:57,21,1,0
BRDA:57,21,2,0
BRDA:58,22,0,0
BRDA:58,22,1,0
BRDA:59,23,0,0
BRDA:59,23,1,0
BRDA:59,23,2,0
BRDA:61,24,0,0
BRDA:61,24,1,0
BRDA:63,25,0,0
BRDA:63,25,1,0
BRDA:64,26,0,0
BRDA:64,26,1,0
BRDA:66,27,0,0
BRDA:66,27,1,0
BRDA:67,28,0,0
BRDA:67,28,1,0
BRDA:69,29,0,0
BRDA:69,29,1,0
BRDA:71,30,0,0
BRDA:71,30,1,0
BRDA:72,31,0,0
BRDA:72,31,1,0
BRDA:74,32,0,0
BRDA:74,32,1,0
BRDA:78,33,0,0
BRDA:78,33,1,0
BRDA:79,34,0,0
BRDA:79,34,1,0
BRDA:79,35,0,0
BRDA:79,35,1,0
BRDA:79,35,2,0
BRDA:84,36,0,0
BRDA:84,36,1,0
BRDA:90,37,0,0
BRDA:90,37,1,0
BRDA:90,38,0,0
BRDA:90,38,1,0
BRDA:94,39,0,0
BRDA:94,39,1,0
BRDA:116,40,0,0
BRDA:116,40,1,0
BRDA:121,41,0,0
BRDA:121,41,1,0
BRDA:142,42,0,0
BRDA:142,42,1,0
BRDA:152,43,0,0
BRDA:152,43,1,0
BRDA:155,44,0,0
BRDA:155,44,1,0
BRDA:178,45,0,0
BRDA:178,45,1,0
BRDA:193,46,0,0
BRDA:193,46,1,0
BRDA:196,47,0,0
BRDA:196,47,1,0
BRDA:201,48,0,0
BRDA:201,48,1,0
BRDA:209,49,0,0
BRDA:209,49,1,0
BRDA:219,50,0,0
BRDA:219,50,1,0
BRDA:220,51,0,0
BRDA:220,51,1,0
BRF:110
BRH:0
end_of_record
TN:
SF:src/components/invoice-templates/MinimalTemplate.jsx
FN:11,(anonymous_0)
FN:13,(anonymous_1)
FN:15,(anonymous_2)
FN:106,(anonymous_3)
FNF:4
FNH:0
FNDA:0,(anonymous_0)
FNDA:0,(anonymous_1)
FNDA:0,(anonymous_2)
FNDA:0,(anonymous_3)
DA:11,1
DA:12,0
DA:13,0
DA:15,0
DA:16,0
DA:18,0
DA:19,0
DA:20,0
DA:21,0
DA:23,0
DA:107,0
DA:108,0
DA:109,0
DA:110,0
LF:14
LH:1
BRDA:13,0,0,0
BRDA:13,0,1,0
BRDA:16,1,0,0
BRDA:16,1,1,0
BRDA:16,1,2,0
BRDA:18,2,0,0
BRDA:18,2,1,0
BRDA:18,2,2,0
BRDA:20,3,0,0
BRDA:20,3,1,0
BRDA:20,3,2,0
BRDA:24,4,0,0
BRDA:24,4,1,0
BRDA:29,5,0,0
BRDA:29,5,1,0
BRDA:29,5,2,0
BRDA:32,6,0,0
BRDA:32,6,1,0
BRDA:39,7,0,0
BRDA:39,7,1,0
BRDA:41,8,0,0
BRDA:41,8,1,0
BRDA:57,9,0,0
BRDA:57,9,1,0
BRDA:57,10,0,0
BRDA:57,10,1,0
BRDA:57,10,2,0
BRDA:59,11,0,0
BRDA:59,11,1,0
BRDA:64,12,0,0
BRDA:64,12,1,0
BRDA:66,13,0,0
BRDA:66,13,1,0
BRDA:67,14,0,0
BRDA:67,14,1,0
BRDA:67,14,2,0
BRDA:78,15,0,0
BRDA:78,15,1,0
BRDA:78,16,0,0
BRDA:78,16,1,0
BRDA:78,17,0,0
BRDA:78,17,1,0
BRDA:82,18,0,0
BRDA:82,18,1,0
BRDA:82,19,0,0
BRDA:82,19,1,0
BRDA:82,20,0,0
BRDA:82,20,1,0
BRDA:98,21,0,0
BRDA:98,21,1,0
BRDA:101,22,0,0
BRDA:101,22,1,0
BRDA:107,23,0,0
BRDA:107,23,1,0
BRDA:107,23,2,0
BRDA:113,24,0,0
BRDA:113,24,1,0
BRDA:113,25,0,0
BRDA:113,25,1,0
BRDA:115,26,0,0
BRDA:115,26,1,0
BRDA:115,26,2,0
BRDA:116,27,0,0
BRDA:116,27,1,0
BRDA:118,28,0,0
BRDA:118,28,1,0
BRDA:132,29,0,0
BRDA:132,29,1,0
BRDA:132,29,2,0
BRDA:133,30,0,0
BRDA:133,30,1,0
BRDA:136,31,0,0
BRDA:136,31,1,0
BRDA:136,31,2,0
BRDA:136,32,0,0
BRDA:136,32,1,0
BRDA:136,32,2,0
BRDA:136,33,0,0
BRDA:136,33,1,0
BRDA:136,33,2,0
BRDA:136,34,0,0
BRDA:136,34,1,0
BRDA:136,35,0,0
BRDA:136,35,1,0
BRDA:141,36,0,0
BRDA:141,36,1,0
BRDA:141,36,2,0
BRDA:143,37,0,0
BRDA:143,37,1,0
BRDA:148,38,0,0
BRDA:148,38,1,0
BRDA:148,39,0,0
BRDA:148,39,1,0
BRDA:156,40,0,0
BRDA:156,40,1,0
BRDA:169,41,0,0
BRDA:169,41,1,0
BRDA:169,41,2,0
BRDA:169,41,3,0
BRDA:169,41,4,0
BRDA:171,42,0,0
BRDA:171,42,1,0
BRDA:172,43,0,0
BRDA:172,43,1,0
BRDA:173,44,0,0
BRDA:173,44,1,0
BRDA:179,45,0,0
BRDA:179,45,1,0
BRDA:179,45,2,0
BRF:109
BRH:0
end_of_record
TN:
SF:src/components/invoice-templates/ModernTemplate.jsx
FN:11,(anonymous_0)
FN:13,(anonymous_1)
FN:15,(anonymous_2)
FN:114,(anonymous_3)
FNF:4
FNH:0
FNDA:0,(anonymous_0)
FNDA:0,(anonymous_1)
FNDA:0,(anonymous_2)
FNDA:0,(anonymous_3)
DA:11,1
DA:12,0
DA:13,0
DA:15,0
DA:16,0
DA:18,0
DA:19,0
DA:20,0
DA:21,0
DA:23,0
DA:115,0
DA:116,0
DA:117,0
DA:118,0
LF:14
LH:1
BRDA:13,0,0,0
BRDA:13,0,1,0
BRDA:16,1,0,0
BRDA:16,1,1,0
BRDA:16,1,2,0
BRDA:18,2,0,0
BRDA:18,2,1,0
BRDA:18,2,2,0
BRDA:20,3,0,0
BRDA:20,3,1,0
BRDA:20,3,2,0
BRDA:24,4,0,0
BRDA:24,4,1,0
BRDA:32,5,0,0
BRDA:32,5,1,0
BRDA:32,5,2,0
BRDA:39,6,0,0
BRDA:39,6,1,0
BRDA:41,7,0,0
BRDA:41,7,1,0
BRDA:47,8,0,0
BRDA:47,8,1,0
BRDA:49,9,0,0
BRDA:49,9,1,0
BRDA:51,10,0,0
BRDA:51,10,1,0
BRDA:51,11,0,0
BRDA:51,11,1,0
BRDA:51,11,2,0
BRDA:53,12,0,0
BRDA:53,12,1,0
BRDA:54,13,0,0
BRDA:54,13,1,0
BRDA:72,14,0,0
BRDA:72,14,1,0
BRDA:73,15,0,0
BRDA:73,15,1,0
BRDA:74,16,0,0
BRDA:74,16,1,0
BRDA:74,16,2,0
BRDA:75,17,0,0
BRDA:75,17,1,0
BRDA:75,17,2,0
BRDA:76,18,0,0
BRDA:76,18,1,0
BRDA:82,19,0,0
BRDA:82,19,1,0
BRDA:82,20,0,0
BRDA:82,20,1,0
BRDA:82,21,0,0
BRDA:82,21,1,0
BRDA:86,22,0,0
BRDA:86,22,1,0
BRDA:86,23,0,0
BRDA:86,23,1,0
BRDA:86,24,0,0
BRDA:86,24,1,0
BRDA:90,25,0,0
BRDA:90,25,1,0
BRDA:90,25,2,0
BRDA:106,26,0,0
BRDA:106,26,1,0
BRDA:109,27,0,0
BRDA:109,27,1,0
BRDA:115,28,0,0
BRDA:115,28,1,0
BRDA:115,28,2,0
BRDA:119,29,0,0
BRDA:119,29,1,0
BRDA:121,30,0,0
BRDA:121,30,1,0
BRDA:121,31,0,0
BRDA:121,31,1,0
BRDA:123,32,0,0
BRDA:123,32,1,0
BRDA:123,32,2,0
BRDA:124,33,0,0
BRDA:124,33,1,0
BRDA:126,34,0,0
BRDA:126,34,1,0
BRDA:140,35,0,0
BRDA:140,35,1,0
BRDA:140,35,2,0
BRDA:141,36,0,0
BRDA:141,36,1,0
BRDA:146,37,0,0
BRDA:146,37,1,0
BRDA:146,37,2,0
BRDA:146,38,0,0
BRDA:146,38,1,0
BRDA:146,38,2,0
BRDA:146,39,0,0
BRDA:146,39,1,0
BRDA:146,39,2,0
BRDA:146,40,0,0
BRDA:146,40,1,0
BRDA:146,41,0,0
BRDA:146,41,1,0
BRDA:151,42,0,0
BRDA:151,42,1,0
BRDA:151,42,2,0
BRDA:153,43,0,0
BRDA:153,43,1,0
BRDA:158,44,0,0
BRDA:158,44,1,0
BRDA:158,45,0,0
BRDA:158,45,1,0
BRDA:166,46,0,0
BRDA:166,46,1,0
BRDA:180,47,0,0
BRDA:180,47,1,0
BRDA:180,47,2,0
BRDA:180,47,3,0
BRDA:180,47,4,0
BRDA:184,48,0,0
BRDA:184,48,1,0
BRDA:185,49,0,0
BRDA:185,49,1,0
BRDA:186,50,0,0
BRDA:186,50,1,0
BRDA:193,51,0,0
BRDA:193,51,1,0
BRDA:193,52,0,0
BRDA:193,52,1,0
BRDA:194,53,0,0
BRDA:194,53,1,0
BRDA:194,54,0,0
BRDA:194,54,1,0
BRF:128
BRH:0
end_of_record
TN:
SF:src/components/invoice-templates/ProfessionalTemplate.jsx
FN:11,(anonymous_0)
FN:13,(anonymous_1)
FN:15,(anonymous_2)
FN:118,(anonymous_3)
FNF:4
FNH:0
FNDA:0,(anonymous_0)
FNDA:0,(anonymous_1)
FNDA:0,(anonymous_2)
FNDA:0,(anonymous_3)
DA:11,1
DA:12,0
DA:13,0
DA:15,0
DA:16,0
DA:18,0
DA:19,0
DA:20,0
DA:21,0
DA:23,0
DA:119,0
DA:120,0
DA:121,0
DA:122,0
LF:14
LH:1
BRDA:13,0,0,0
BRDA:13,0,1,0
BRDA:16,1,0,0
BRDA:16,1,1,0
BRDA:16,1,2,0
BRDA:18,2,0,0
BRDA:18,2,1,0
BRDA:18,2,2,0
BRDA:20,3,0,0
BRDA:20,3,1,0
BRDA:20,3,2,0
BRDA:24,4,0,0
BRDA:24,4,1,0
BRDA:29,5,0,0
BRDA:29,5,1,0
BRDA:29,5,2,0
BRDA:33,6,0,0
BRDA:33,6,1,0
BRDA:34,7,0,0
BRDA:34,7,1,0
BRDA:38,8,0,0
BRDA:38,8,1,0
BRDA:38,9,0,0
BRDA:38,9,1,0
BRDA:38,9,2,0
BRDA:39,10,0,0
BRDA:39,10,1,0
BRDA:40,11,0,0
BRDA:40,11,1,0
BRDA:41,12,0,0
BRDA:41,12,1,0
BRDA:42,13,0,0
BRDA:42,13,1,0
BRDA:53,14,0,0
BRDA:53,14,1,0
BRDA:55,15,0,0
BRDA:55,15,1,0
BRDA:63,16,0,0
BRDA:63,16,1,0
BRDA:63,17,0,0
BRDA:63,17,1,0
BRDA:63,18,0,0
BRDA:63,18,1,0
BRDA:67,19,0,0
BRDA:67,19,1,0
BRDA:67,20,0,0
BRDA:67,20,1,0
BRDA:67,21,0,0
BRDA:67,21,1,0
BRDA:73,22,0,0
BRDA:73,22,1,0
BRDA:73,22,2,0
BRDA:90,23,0,0
BRDA:90,23,1,0
BRDA:91,24,0,0
BRDA:91,24,1,0
BRDA:93,25,0,0
BRDA:93,25,1,0
BRDA:93,25,2,0
BRDA:94,26,0,0
BRDA:94,26,1,0
BRDA:94,27,0,0
BRDA:94,27,1,0
BRDA:94,27,2,0
BRDA:95,28,0,0
BRDA:95,28,1,0
BRDA:110,29,0,0
BRDA:110,29,1,0
BRDA:113,30,0,0
BRDA:113,30,1,0
BRDA:119,31,0,0
BRDA:119,31,1,0
BRDA:119,31,2,0
BRDA:125,32,0,0
BRDA:125,32,1,0
BRDA:125,33,0,0
BRDA:125,33,1,0
BRDA:127,34,0,0
BRDA:127,34,1,0
BRDA:127,34,2,0
BRDA:128,35,0,0
BRDA:128,35,1,0
BRDA:130,36,0,0
BRDA:130,36,1,0
BRDA:131,37,0,0
BRDA:131,37,1,0
BRDA:150,38,0,0
BRDA:150,38,1,0
BRDA:150,38,2,0
BRDA:152,39,0,0
BRDA:152,39,1,0
BRDA:154,40,0,0
BRDA:154,40,1,0
BRDA:159,41,0,0
BRDA:159,41,1,0
BRDA:159,41,2,0
BRDA:160,42,0,0
BRDA:160,42,1,0
BRDA:160,42,2,0
BRDA:160,43,0,0
BRDA:160,43,1,0
BRDA:160,43,2,0
BRDA:160,44,0,0
BRDA:160,44,1,0
BRDA:160,45,0,0
BRDA:160,45,1,0
BRDA:162,46,0,0
BRDA:162,46,1,0
BRDA:162,47,0,0
BRDA:162,47,1,0
BRDA:168,48,0,0
BRDA:168,48,1,0
BRDA:168,49,0,0
BRDA:168,49,1,0
BRDA:170,50,0,0
BRDA:170,50,1,0
BRDA:171,51,0,0
BRDA:171,51,1,0
BRDA:176,52,0,0
BRDA:176,52,1,0
BRDA:176,52,2,0
BRDA:178,53,0,0
BRDA:178,53,1,0
BRDA:186,54,0,0
BRDA:186,54,1,0
BRDA:186,55,0,0
BRDA:186,55,1,0
BRDA:196,56,0,0
BRDA:196,56,1,0
BRDA:210,57,0,0
BRDA:210,57,1,0
BRDA:210,57,2,0
BRDA:210,57,3,0
BRDA:210,57,4,0
BRDA:214,58,0,0
BRDA:214,58,1,0
BRDA:215,59,0,0
BRDA:215,59,1,0
BRDA:216,60,0,0
BRDA:216,60,1,0
BRDA:223,61,0,0
BRDA:223,61,1,0
BRDA:223,62,0,0
BRDA:223,62,1,0
BRDA:224,63,0,0
BRDA:224,63,1,0
BRDA:224,64,0,0
BRDA:224,64,1,0
BRF:148
BRH:0
end_of_record
TN:
SF:src/components/invoice-templates/TemplateEnhancedSections.jsx
FN:10,(anonymous_0)
FN:21,(anonymous_1)
FN:31,(anonymous_2)
FN:41,(anonymous_3)
FN:52,(anonymous_4)
FN:57,(anonymous_5)
FN:67,(anonymous_6)
FN:78,(anonymous_7)
FN:90,(anonymous_8)
FN:99,(anonymous_9)
FN:100,(anonymous_10)
FNF:11
FNH:0
FNDA:0,(anonymous_0)
FNDA:0,(anonymous_1)
FNDA:0,(anonymous_2)
FNDA:0,(anonymous_3)
FNDA:0,(anonymous_4)
FNDA:0,(anonymous_5)
FNDA:0,(anonymous_6)
FNDA:0,(anonymous_7)
FNDA:0,(anonymous_8)
FNDA:0,(anonymous_9)
FNDA:0,(anonymous_10)
DA:10,1
DA:11,0
DA:12,0
DA:13,0
DA:21,1
DA:22,0
DA:23,0
DA:24,0
DA:31,1
DA:32,0
DA:33,0
DA:34,0
DA:41,1
DA:42,0
DA:43,0
DA:44,0
DA:52,1
DA:53,0
DA:54,0
DA:55,0
DA:58,0
DA:67,1
DA:68,0
DA:69,0
DA:70,0
DA:78,1
DA:79,0
DA:80,0
DA:81,0
DA:90,1
DA:91,0
DA:92,0
DA:93,0
DA:96,0
DA:99,1
DA:100,0
LF:36
LH:9
BRDA:12,0,0,0
BRDA:12,0,1,0
BRDA:15,1,0,0
BRDA:15,1,1,0
BRDA:23,2,0,0
BRDA:23,2,1,0
BRDA:31,3,0,0
BRDA:33,4,0,0
BRDA:33,4,1,0
BRDA:41,5,0,0
BRDA:43,6,0,0
BRDA:43,6,1,0
BRDA:46,7,0,0
BRDA:46,7,1,0
BRDA:52,8,0,0
BRDA:54,9,0,0
BRDA:54,9,1,0
BRDA:54,10,0,0
BRDA:54,10,1,0
BRDA:54,10,2,0
BRDA:68,11,0,0
BRDA:68,11,1,0
BRDA:69,12,0,0
BRDA:69,12,1,0
BRDA:72,13,0,0
BRDA:72,13,1,0
BRDA:79,14,0,0
BRDA:79,14,1,0
BRDA:80,15,0,0
BRDA:80,15,1,0
BRDA:83,16,0,0
BRDA:83,16,1,0
BRDA:83,17,0,0
BRDA:83,17,1,0
BRDA:84,18,0,0
BRDA:84,18,1,0
BRDA:91,19,0,0
BRDA:91,19,1,0
BRDA:91,19,2,0
BRDA:92,20,0,0
BRDA:92,20,1,0
BRDA:93,21,0,0
BRDA:93,21,1,0
BRF:43
BRH:0
end_of_record
TN:
SF:src/components/onboarding/OnboardingWizard.jsx
FN:23,(anonymous_0)
FN:41,(anonymous_1)
FN:54,(anonymous_2)
FN:70,(anonymous_3)
FN:84,(anonymous_4)
FN:99,(anonymous_5)
FN:100,(anonymous_6)
FN:113,(anonymous_7)
FN:116,(anonymous_8)
FN:201,(anonymous_9)
FN:321,(anonymous_10)
FN:324,(anonymous_11)
FNF:12
FNH:8
FNDA:5,(anonymous_0)
FNDA:1,(anonymous_1)
FNDA:0,(anonymous_2)
FNDA:1,(anonymous_3)
FNDA:0,(anonymous_4)
FNDA:5,(anonymous_5)
FNDA:1,(anonymous_6)
FNDA:5,(anonymous_7)
FNDA:5,(anonymous_8)
FNDA:25,(anonymous_9)
FNDA:0,(anonymous_10)
FNDA:0,(anonymous_11)
DA:13,1
DA:21,1
DA:23,1
DA:24,5
DA:25,5
DA:35,5
DA:36,5
DA:39,5
DA:41,5
DA:42,1
DA:43,0
DA:49,0
DA:51,1
DA:54,5
DA:55,0
DA:56,0
DA:57,0
DA:58,0
DA:65,0
DA:67,0
DA:70,5
DA:71,1
DA:72,1
DA:73,1
DA:74,1
DA:84,5
DA:85,0
DA:86,0
DA:87,0
DA:88,0
DA:99,5
DA:100,5
DA:101,1
DA:102,0
DA:103,1
DA:104,1
DA:112,5
DA:113,5
DA:116,5
DA:117,5
DA:119,4
DA:121,0
DA:130,0
DA:139,1
DA:148,0
DA:150,0
DA:153,5
DA:155,5
DA:202,25
DA:203,25
DA:204,25
DA:206,25
DA:322,0
DA:325,0
LF:54
LH:35
BRDA:39,0,0,5
BRDA:39,0,1,1
BRDA:39,0,2,1
BRDA:42,1,0,0
BRDA:42,1,1,1
BRDA:57,2,0,0
BRDA:57,2,1,0
BRDA:59,3,0,0
BRDA:59,3,1,0
BRDA:73,4,0,1
BRDA:73,4,1,0
BRDA:75,5,0,1
BRDA:75,5,1,0
BRDA:87,6,0,0
BRDA:87,6,1,0
BRDA:89,7,0,0
BRDA:89,7,1,0
BRDA:101,8,0,0
BRDA:101,8,1,1
BRDA:101,9,0,1
BRDA:101,9,1,1
BRDA:103,10,0,1
BRDA:103,10,1,0
BRDA:103,11,0,1
BRDA:103,11,1,1
BRDA:117,12,0,4
BRDA:117,12,1,0
BRDA:117,12,2,0
BRDA:117,12,3,1
BRDA:117,12,4,0
BRDA:117,12,5,0
BRDA:153,13,0,5
BRDA:153,13,1,3
BRDA:213,14,0,3
BRDA:213,14,1,22
BRDA:215,15,0,5
BRDA:215,15,1,17
BRDA:219,16,0,5
BRDA:219,16,1,20
BRDA:221,17,0,3
BRDA:221,17,1,22
BRDA:223,18,0,5
BRDA:223,18,1,17
BRDA:228,19,0,5
BRDA:228,19,1,20
BRDA:230,20,0,17
BRDA:230,20,1,3
BRDA:235,21,0,3
BRDA:235,21,1,22
BRDA:239,22,0,5
BRDA:239,22,1,20
BRDA:239,23,0,3
BRDA:239,23,1,17
BRDA:245,24,0,25
BRDA:245,24,1,20
BRDA:248,25,0,3
BRDA:248,25,1,17
BRDA:304,26,0,5
BRDA:304,26,1,2
BRDA:315,27,0,1
BRDA:315,27,1,4
BRDA:331,28,0,4
BRDA:331,28,1,0
BRDA:340,29,0,5
BRDA:340,29,1,3
BRDA:340,29,2,0
BRF:66
BRH:47
end_of_record
TN:
SF:src/components/onboarding/steps/Step2CompanyInfo.jsx
FN:15,(anonymous_0)
FN:18,(anonymous_1)
FN:23,(anonymous_2)
FN:24,(anonymous_3)
FN:32,(anonymous_4)
FN:54,(anonymous_5)
FN:56,(anonymous_6)
FN:58,(anonymous_7)
FN:75,(anonymous_8)
FN:85,(anonymous_9)
FN:86,(anonymous_10)
FN:89,(anonymous_11)
FN:127,(anonymous_12)
FN:140,(anonymous_13)
FN:159,(anonymous_14)
FN:172,(anonymous_15)
FN:262,(anonymous_16)
FN:275,(anonymous_17)
FN:292,(anonymous_18)
FN:305,(anonymous_19)
FN:318,(anonymous_20)
FN:331,(anonymous_21)
FN:345,(anonymous_22)
FN:359,(anonymous_23)
FN:375,(anonymous_24)
FNF:25
FNH:10
FNDA:0,(anonymous_0)
FNDA:12,(anonymous_1)
FNDA:12,(anonymous_2)
FNDA:3,(anonymous_3)
FNDA:9,(anonymous_4)
FNDA:9,(anonymous_5)
FNDA:9,(anonymous_6)
FNDA:9,(anonymous_7)
FNDA:0,(anonymous_8)
FNDA:0,(anonymous_9)
FNDA:0,(anonymous_10)
FNDA:3,(anonymous_11)
FNDA:1,(anonymous_12)
FNDA:2,(anonymous_13)
FNDA:0,(anonymous_14)
FNDA:0,(anonymous_15)
FNDA:0,(anonymous_16)
FNDA:0,(anonymous_17)
FNDA:0,(anonymous_18)
FNDA:0,(anonymous_19)
FNDA:0,(anonymous_20)
FNDA:0,(anonymous_21)
FNDA:0,(anonymous_22)
FNDA:0,(anonymous_23)
FNDA:0,(anonymous_24)
DA:15,1
DA:16,0
DA:18,1
DA:19,12
DA:20,12
DA:21,12
DA:24,12
DA:28,12
DA:32,1
DA:33,9
DA:34,9
DA:35,9
DA:36,9
DA:37,9
DA:51,9
DA:52,9
DA:54,9
DA:55,9
DA:56,9
DA:57,9
DA:59,9
DA:69,9
DA:70,0
DA:71,0
DA:73,9
DA:74,0
DA:75,0
DA:82,9
DA:85,9
DA:86,0
DA:89,9
DA:90,3
DA:91,3
DA:93,3
DA:94,0
DA:99,0
DA:102,3
DA:103,3
DA:104,3
DA:106,3
DA:108,3
DA:111,3
DA:112,3
DA:119,3
DA:125,3
DA:126,1
DA:128,1
DA:139,2
DA:141,2
DA:156,2
DA:157,0
DA:158,0
DA:160,0
DA:171,0
DA:173,0
DA:189,2
DA:190,2
DA:191,0
DA:199,0
DA:202,2
DA:203,2
DA:206,2
DA:207,3
DA:208,2
DA:211,2
DA:218,2
DA:219,2
DA:221,1
DA:230,3
DA:235,9
DA:236,9
DA:238,9
DA:262,0
DA:275,0
DA:292,0
DA:305,0
DA:318,0
DA:331,0
DA:345,0
DA:359,0
DA:375,0
LF:81
LH:57
BRDA:16,0,0,0
BRDA:16,0,1,0
BRDA:16,1,0,0
BRDA:16,1,1,0
BRDA:18,2,0,12
BRDA:18,3,0,12
BRDA:28,4,0,12
BRDA:28,4,1,0
BRDA:51,5,0,9
BRDA:51,5,1,6
BRDA:55,6,0,0
BRDA:55,6,1,9
BRDA:55,7,0,9
BRDA:55,7,1,9
BRDA:69,8,0,0
BRDA:69,8,1,9
BRDA:73,9,0,0
BRDA:73,9,1,9
BRDA:74,10,0,0
BRDA:74,10,1,0
BRDA:78,11,0,0
BRDA:78,11,1,0
BRDA:91,12,0,0
BRDA:91,12,1,3
BRDA:93,13,0,0
BRDA:93,13,1,3
BRDA:106,14,0,3
BRDA:106,14,1,0
BRDA:106,15,0,3
BRDA:106,15,1,3
BRDA:108,16,0,3
BRDA:108,16,1,0
BRDA:108,17,0,3
BRDA:108,17,1,0
BRDA:125,18,0,1
BRDA:125,18,1,2
BRDA:156,19,0,0
BRDA:156,19,1,2
BRDA:156,20,0,2
BRDA:156,20,1,0
BRDA:157,21,0,0
BRDA:157,21,1,0
BRDA:190,22,0,0
BRDA:190,22,1,2
BRDA:202,23,0,2
BRDA:202,23,1,0
BRDA:206,24,0,2
BRDA:206,24,1,0
BRDA:206,24,2,0
BRDA:207,25,0,2
BRDA:207,25,1,1
BRDA:398,26,0,3
BRDA:398,26,1,6
BRDA:399,27,0,9
BRDA:399,27,1,6
BRF:55
BRH:30
end_of_record
TN:
SF:src/components/onboarding/steps/Step3AccountingPlan.jsx
FN:50,(anonymous_0)
FN:63,(anonymous_1)
FN:64,(anonymous_2)
FN:78,(anonymous_3)
FN:86,(anonymous_4)
FN:95,(anonymous_5)
FN:104,(anonymous_6)
FN:110,(anonymous_7)
FN:113,(anonymous_8)
FN:116,(anonymous_9)
FN:124,(anonymous_10)
FN:129,(anonymous_11)
FN:138,(anonymous_12)
FN:140,(anonymous_13)
FN:142,(anonymous_14)
FN:142,(anonymous_15)
FN:146,(anonymous_16)
FN:165,(anonymous_17)
FN:183,(anonymous_18)
FN:205,(anonymous_19)
FN:215,(anonymous_20)
FN:226,(anonymous_21)
FN:245,(anonymous_22)
FN:257,(anonymous_23)
FN:270,(anonymous_24)
FN:297,(anonymous_25)
FN:305,(anonymous_26)
FN:348,(anonymous_27)
FN:370,(anonymous_28)
FN:418,(anonymous_29)
FNF:30
FNH:17
FNDA:10,(anonymous_0)
FNDA:2,(anonymous_1)
FNDA:2,(anonymous_2)
FNDA:0,(anonymous_3)
FNDA:2,(anonymous_4)
FNDA:3,(anonymous_5)
FNDA:1,(anonymous_6)
FNDA:1,(anonymous_7)
FNDA:2,(anonymous_8)
FNDA:3,(anonymous_9)
FNDA:2,(anonymous_10)
FNDA:2,(anonymous_11)
FNDA:0,(anonymous_12)
FNDA:0,(anonymous_13)
FNDA:0,(anonymous_14)
FNDA:0,(anonymous_15)
FNDA:2,(anonymous_16)
FNDA:1,(anonymous_17)
FNDA:2,(anonymous_18)
FNDA:2,(anonymous_19)
FNDA:0,(anonymous_20)
FNDA:0,(anonymous_21)
FNDA:0,(anonymous_22)
FNDA:0,(anonymous_23)
FNDA:0,(anonymous_24)
FNDA:0,(anonymous_25)
FNDA:0,(anonymous_26)
FNDA:0,(anonymous_27)
FNDA:2,(anonymous_28)
FNDA:2,(anonymous_29)
DA:8,1
DA:50,1
DA:51,10
DA:52,10
DA:53,10
DA:54,10
DA:55,10
DA:56,10
DA:57,10
DA:58,10
DA:59,10
DA:60,10
DA:61,10
DA:63,10
DA:64,2
DA:65,2
DA:66,2
DA:72,2
DA:73,2
DA:75,2
DA:78,10
DA:79,0
DA:80,0
DA:81,0
DA:83,0
DA:86,10
DA:87,2
DA:88,2
DA:89,2
DA:90,2
DA:91,2
DA:92,2
DA:95,10
DA:96,3
DA:104,10
DA:105,1
DA:106,0
DA:109,1
DA:110,1
DA:111,1
DA:113,1
DA:114,2
DA:116,3
DA:118,1
DA:119,0
DA:122,1
DA:124,2
DA:129,2
DA:131,1
DA:132,0
DA:135,1
DA:138,10
DA:139,0
DA:140,0
DA:141,0
DA:142,0
DA:143,0
DA:146,10
DA:147,2
DA:148,2
DA:149,2
DA:150,2
DA:151,2
DA:153,2
DA:154,0
DA:157,1
DA:162,1
DA:165,10
DA:166,1
DA:167,1
DA:173,0
DA:176,1
DA:177,1
DA:180,0
DA:183,10
DA:184,2
DA:185,2
DA:189,2
DA:191,0
DA:193,1
DA:194,0
DA:196,1
DA:197,1
DA:201,1
DA:205,10
DA:206,2
DA:207,2
DA:208,1
DA:209,1
DA:210,0
DA:211,0
DA:212,0
DA:215,10
DA:216,0
DA:217,0
DA:218,0
DA:219,0
DA:220,0
DA:221,0
DA:222,0
DA:223,0
DA:226,10
DA:227,0
DA:228,0
DA:229,0
DA:230,0
DA:243,0
DA:245,0
DA:252,0
DA:253,0
DA:254,0
DA:257,0
DA:258,0
DA:259,0
DA:260,0
DA:261,0
DA:262,0
DA:264,0
DA:266,0
DA:270,10
DA:271,0
DA:274,10
DA:298,0
DA:299,0
DA:300,0
DA:302,0
DA:305,0
DA:349,0
DA:370,2
DA:419,2
LF:130
LH:78
BRDA:65,0,0,0
BRDA:65,0,1,2
BRDA:72,1,0,2
BRDA:72,1,1,0
BRDA:72,2,0,2
BRDA:72,2,1,2
BRDA:83,3,0,0
BRDA:83,3,1,0
BRDA:88,4,0,0
BRDA:88,4,1,2
BRDA:96,5,0,3
BRDA:96,5,1,0
BRDA:105,6,0,0
BRDA:105,6,1,1
BRDA:105,7,0,1
BRDA:105,7,1,1
BRDA:118,8,0,0
BRDA:118,8,1,1
BRDA:118,9,0,1
BRDA:118,9,1,1
BRDA:125,10,0,2
BRDA:125,10,1,0
BRDA:126,11,0,2
BRDA:126,11,1,0
BRDA:127,12,0,2
BRDA:127,12,1,0
BRDA:129,13,0,2
BRDA:129,13,1,2
BRDA:131,14,0,0
BRDA:131,14,1,1
BRDA:141,15,0,0
BRDA:141,15,1,0
BRDA:141,16,0,0
BRDA:141,16,1,0
BRDA:151,17,0,1
BRDA:151,17,1,0
BRDA:153,18,0,0
BRDA:153,18,1,2
BRDA:166,19,0,1
BRDA:166,19,1,0
BRDA:167,20,0,0
BRDA:167,20,1,1
BRDA:168,21,0,1
BRDA:168,21,1,1
BRDA:168,21,2,1
BRDA:168,21,3,1
BRDA:176,22,0,1
BRDA:176,22,1,0
BRDA:185,23,0,2
BRDA:185,23,1,0
BRDA:189,24,0,2
BRDA:189,24,1,0
BRDA:193,25,0,0
BRDA:193,25,1,1
BRDA:197,26,0,1
BRDA:197,26,1,0
BRDA:206,27,0,2
BRDA:206,27,1,0
BRDA:207,28,0,1
BRDA:207,28,1,1
BRDA:208,29,0,0
BRDA:208,29,1,1
BRDA:209,30,0,1
BRDA:209,30,1,0
BRDA:210,31,0,0
BRDA:210,31,1,0
BRDA:211,32,0,0
BRDA:211,32,1,0
BRDA:216,33,0,0
BRDA:216,33,1,0
BRDA:218,34,0,0
BRDA:218,34,1,0
BRDA:219,35,0,0
BRDA:219,35,1,0
BRDA:220,36,0,0
BRDA:220,36,1,0
BRDA:221,37,0,0
BRDA:221,37,1,0
BRDA:222,38,0,0
BRDA:222,38,1,0
BRDA:227,39,0,0
BRDA:227,39,1,0
BRDA:227,40,0,0
BRDA:227,40,1,0
BRDA:227,40,2,0
BRDA:243,41,0,0
BRDA:243,41,1,0
BRDA:271,42,0,0
BRDA:271,42,1,0
BRDA:291,43,0,2
BRDA:291,43,1,8
BRDA:300,44,0,0
BRDA:300,44,1,0
BRDA:300,44,2,0
BRDA:308,45,0,0
BRDA:308,45,1,0
BRDA:309,46,0,0
BRDA:309,46,1,0
BRDA:312,47,0,0
BRDA:312,47,1,0
BRDA:316,48,0,0
BRDA:316,48,1,0
BRDA:322,49,0,0
BRDA:322,49,1,0
BRDA:327,50,0,0
BRDA:327,50,1,0
BRDA:328,51,0,0
BRDA:328,51,1,0
BRDA:328,51,2,0
BRDA:330,52,0,0
BRDA:330,52,1,0
BRDA:340,53,0,0
BRDA:340,53,1,0
BRDA:368,54,0,2
BRDA:368,54,1,6
BRDA:404,55,0,6
BRDA:404,55,1,1
BRDA:409,56,0,6
BRDA:409,56,1,1
BRDA:426,57,0,1
BRDA:426,57,1,0
BRDA:437,58,0,0
BRDA:437,58,1,1
BRDA:460,59,0,0
BRDA:460,59,1,10
BRDA:461,60,0,0
BRDA:461,60,1,10
BRF:127
BRH:48
end_of_record
TN:
SF:src/components/onboarding/steps/Step5Confirmation.jsx
FN:14,(anonymous_0)
FN:46,(anonymous_1)
FN:58,(anonymous_2)
FN:59,(anonymous_3)
FN:78,(anonymous_4)
FN:81,(anonymous_5)
FN:124,(anonymous_6)
FN:145,(anonymous_7)
FN:262,(anonymous_8)
FNF:9
FNH:9
FNDA:40,(anonymous_0)
FNDA:4,(anonymous_1)
FNDA:2,(anonymous_2)
FNDA:2,(anonymous_3)
FNDA:2,(anonymous_4)
FNDA:2,(anonymous_5)
FNDA:1,(anonymous_6)
FNDA:40,(anonymous_7)
FNDA:1,(anonymous_8)
DA:14,1
DA:15,40
DA:16,40
DA:17,40
DA:18,40
DA:19,40
DA:20,40
DA:21,40
DA:23,40
DA:46,1
DA:47,4
DA:48,4
DA:49,4
DA:50,4
DA:51,4
DA:52,4
DA:53,4
DA:54,4
DA:55,4
DA:56,4
DA:58,4
DA:59,2
DA:60,2
DA:62,1
DA:68,1
DA:69,1
DA:70,1
DA:74,2
DA:77,4
DA:78,2
DA:81,4
DA:82,2
DA:83,2
DA:84,2
DA:85,2
DA:87,2
DA:88,2
DA:89,2
DA:90,1
DA:93,1
DA:95,2
DA:96,2
DA:97,2
DA:101,0
DA:102,0
DA:105,1
DA:107,1
DA:108,1
DA:109,1
DA:110,1
DA:119,1
DA:120,1
DA:121,1
DA:124,1
DA:125,1
DA:127,1
DA:128,1
DA:129,1
DA:130,1
DA:134,4
DA:136,4
DA:146,40
DA:263,1
LF:63
LH:61
BRDA:40,0,0,19
BRDA:40,0,1,21
BRDA:60,1,0,1
BRDA:60,1,1,1
BRDA:60,2,0,2
BRDA:60,2,1,1
BRDA:68,3,0,1
BRDA:68,3,1,0
BRDA:70,4,0,1
BRDA:70,4,1,0
BRDA:77,5,0,4
BRDA:77,5,1,0
BRDA:78,6,0,2
BRDA:78,6,1,2
BRDA:82,7,0,0
BRDA:82,7,1,2
BRDA:88,8,0,2
BRDA:88,8,1,2
BRDA:88,8,2,1
BRDA:89,9,0,1
BRDA:89,9,1,1
BRDA:93,10,0,1
BRDA:93,10,1,0
BRDA:93,10,2,0
BRDA:97,11,0,1
BRDA:97,11,1,0
BRDA:101,12,0,0
BRDA:101,12,1,0
BRDA:102,13,0,0
BRDA:102,13,1,0
BRDA:107,14,0,1
BRDA:107,14,1,0
BRDA:134,15,0,4
BRDA:134,15,1,4
BRDA:143,16,0,4
BRDA:143,16,1,1
BRDA:152,17,0,1
BRDA:152,17,1,3
BRDA:195,18,0,3
BRDA:195,18,1,3
BRDA:219,19,0,3
BRDA:219,19,1,0
BRDA:243,20,0,3
BRDA:243,20,1,1
BRDA:278,21,0,3
BRDA:278,21,1,0
BRDA:306,22,0,3
BRDA:306,22,1,1
BRDA:335,23,0,0
BRDA:335,23,1,3
BRF:50
BRH:35
end_of_record
TN:
SF:src/components/pilotage/AlertsPanel.jsx
FN:109,(anonymous_0)
FN:122,(anonymous_1)
FN:132,(anonymous_2)
FN:172,(anonymous_3)
FN:174,(anonymous_4)
FN:177,(anonymous_5)
FN:183,(anonymous_6)
FN:215,(anonymous_7)
FN:227,(anonymous_8)
FNF:9
FNH:9
FNDA:18,(anonymous_0)
FNDA:30,(anonymous_1)
FNDA:15,(anonymous_2)
FNDA:3,(anonymous_3)
FNDA:12,(anonymous_4)
FNDA:3,(anonymous_5)
FNDA:3,(anonymous_6)
FNDA:1,(anonymous_7)
FNDA:15,(anonymous_8)
DA:16,1
DA:46,1
DA:48,1
DA:91,1
DA:109,1
DA:110,18
DA:112,1
DA:122,1
DA:123,30
DA:124,30
DA:125,30
DA:129,0
DA:132,1
DA:133,15
DA:134,15
DA:135,15
DA:136,15
DA:137,15
DA:138,15
DA:140,15
DA:172,1
DA:173,3
DA:174,12
DA:177,1
DA:178,3
DA:179,3
DA:180,3
DA:181,3
DA:183,3
DA:184,3
DA:185,3
DA:186,3
DA:189,3
DA:191,3
DA:215,1
DA:228,15
LF:36
LH:35
BRDA:109,0,0,18
BRDA:110,1,0,18
BRDA:110,1,1,0
BRDA:110,1,2,0
BRDA:123,2,0,0
BRDA:123,2,1,30
BRDA:124,3,0,30
BRDA:124,3,1,0
BRDA:133,4,0,15
BRDA:133,4,1,0
BRDA:137,5,0,15
BRDA:137,5,1,0
BRDA:138,6,0,15
BRDA:138,6,1,0
BRDA:138,7,0,15
BRDA:138,7,1,15
BRDA:151,8,0,15
BRDA:151,8,1,0
BRDA:151,8,2,15
BRDA:154,9,0,15
BRDA:154,9,1,15
BRDA:155,10,0,15
BRDA:155,10,1,15
BRDA:155,10,2,15
BRDA:156,11,0,15
BRDA:156,11,1,15
BRDA:172,12,0,3
BRDA:174,13,0,12
BRDA:174,13,1,0
BRDA:174,14,0,12
BRDA:174,14,1,0
BRDA:179,15,0,3
BRDA:179,15,1,0
BRDA:184,16,0,0
BRDA:184,16,1,3
BRDA:207,17,0,3
BRDA:207,17,1,3
BRDA:225,18,0,3
BRDA:225,18,1,0
BRF:39
BRH:26
end_of_record
TN:
SF:src/components/pilotage/PilotageAlertSubscriptionDialog.jsx
FN:24,(anonymous_0)
FN:30,(anonymous_1)
FN:34,(anonymous_2)
FN:55,(anonymous_3)
FN:71,(anonymous_4)
FN:84,(anonymous_5)
FN:95,(anonymous_6)
FN:100,(anonymous_7)
FN:105,(anonymous_8)
FN:106,(anonymous_9)
FN:116,(anonymous_10)
FN:118,(anonymous_11)
FN:140,(anonymous_12)
FN:156,(anonymous_13)
FN:167,(anonymous_14)
FNF:15
FNH:13
FNDA:48,(anonymous_0)
FNDA:48,(anonymous_1)
FNDA:48,(anonymous_2)
FNDA:0,(anonymous_3)
FNDA:3,(anonymous_4)
FNDA:7,(anonymous_5)
FNDA:3,(anonymous_6)
FNDA:3,(anonymous_7)
FNDA:3,(anonymous_8)
FNDA:3,(anonymous_9)
FNDA:1,(anonymous_10)
FNDA:8,(anonymous_11)
FNDA:56,(anonymous_12)
FNDA:0,(anonymous_13)
FNDA:1,(anonymous_14)
DA:24,1
DA:25,48
DA:26,47
DA:27,47
DA:30,1
DA:31,48
DA:34,1
DA:35,48
DA:36,48
DA:37,48
DA:38,48
DA:40,48
DA:55,0
DA:71,3
DA:84,1
DA:93,7
DA:94,7
DA:95,3
DA:98,7
DA:100,7
DA:101,3
DA:102,1
DA:105,7
DA:106,3
DA:116,7
DA:117,1
DA:118,1
DA:119,8
DA:120,8
DA:121,8
DA:122,8
DA:126,7
DA:141,56
DA:157,0
DA:158,0
DA:168,1
DA:169,1
LF:37
LH:34
BRDA:25,0,0,1
BRDA:25,0,1,47
BRDA:25,1,0,48
BRDA:25,1,1,48
BRDA:27,2,0,47
BRDA:27,2,1,0
BRDA:31,3,0,48
BRDA:31,3,1,0
BRDA:38,4,0,48
BRDA:38,4,1,0
BRDA:47,5,0,48
BRDA:47,5,1,0
BRDA:48,6,0,48
BRDA:48,6,1,0
BRDA:50,7,0,48
BRDA:50,7,1,0
BRDA:89,8,0,7
BRDA:90,9,0,7
BRDA:91,10,0,7
BRDA:95,11,0,3
BRDA:95,11,1,0
BRDA:101,12,0,2
BRDA:101,12,1,1
BRDA:109,13,0,3
BRDA:109,13,1,0
BRDA:110,14,0,3
BRDA:110,14,1,0
BRDA:111,15,0,0
BRDA:111,15,1,3
BRDA:117,16,0,1
BRDA:117,16,1,0
BRDA:120,17,0,8
BRDA:120,17,1,0
BRDA:144,18,0,56
BRDA:144,18,1,0
BRDA:160,19,0,7
BRDA:160,19,1,7
BRDA:171,20,0,7
BRDA:171,20,1,7
BRDA:173,21,0,0
BRDA:173,21,1,7
BRF:41
BRH:27
end_of_record
TN:
SF:src/components/quotes/QuoteListTable.jsx
FN:11,(anonymous_0)
FN:97,(anonymous_1)
FN:149,(anonymous_2)
FN:160,(anonymous_3)
FN:171,(anonymous_4)
FN:182,(anonymous_5)
FN:250,(anonymous_6)
FN:262,(anonymous_7)
FN:274,(anonymous_8)
FN:286,(anonymous_9)
FN:297,(anonymous_10)
FNF:11
FNH:4
FNDA:4,(anonymous_0)
FNDA:4,(anonymous_1)
FNDA:4,(anonymous_2)
FNDA:0,(anonymous_3)
FNDA:0,(anonymous_4)
FNDA:0,(anonymous_5)
FNDA:0,(anonymous_6)
FNDA:0,(anonymous_7)
FNDA:0,(anonymous_8)
FNDA:1,(anonymous_9)
FNDA:0,(anonymous_10)
DA:11,1
DA:27,4
DA:29,4
DA:30,0
DA:37,4
DA:38,0
DA:58,4
DA:65,4
DA:72,4
DA:76,4
DA:82,4
DA:88,4
DA:97,4
DA:98,4
DA:99,1
DA:100,1
DA:103,4
DA:150,4
DA:151,4
DA:153,4
DA:160,0
DA:171,0
DA:182,0
DA:250,0
DA:262,0
DA:274,0
DA:286,1
DA:297,0
LF:28
LH:19
BRDA:29,0,0,0
BRDA:29,0,1,4
BRDA:37,1,0,0
BRDA:37,1,1,4
BRDA:86,2,0,4
BRDA:86,2,1,0
BRDA:98,3,0,3
BRDA:98,3,1,1
BRDA:100,4,0,1
BRDA:100,4,1,0
BRDA:114,5,0,4
BRDA:114,5,1,0
BRDA:135,6,0,4
BRDA:135,6,1,0
BRDA:151,7,0,4
BRDA:151,7,1,0
BRDA:162,8,0,4
BRDA:162,8,1,0
BRDA:163,9,0,4
BRDA:163,9,1,0
BRDA:166,10,0,4
BRDA:166,10,1,0
BRDA:194,11,0,1
BRDA:194,11,1,3
BRDA:196,12,0,4
BRDA:196,12,1,0
BRDA:203,13,0,4
BRDA:203,13,1,0
BRDA:206,14,0,4
BRDA:206,14,1,0
BRDA:209,15,0,4
BRDA:209,15,1,0
BRDA:213,16,0,4
BRDA:213,16,1,0
BRDA:215,17,0,4
BRDA:215,17,1,0
BRDA:215,17,2,0
BRDA:220,18,0,4
BRDA:220,18,1,0
BRDA:222,19,0,4
BRDA:222,19,1,0
BRDA:226,20,0,1
BRDA:226,20,1,3
BRDA:229,21,0,1
BRDA:229,21,1,0
BRDA:231,22,0,1
BRDA:231,22,1,0
BRDA:246,23,0,4
BRDA:246,23,1,4
BRDA:246,23,2,3
BRDA:258,24,0,4
BRDA:258,24,1,0
BRDA:270,25,0,4
BRDA:270,25,1,3
BRDA:270,25,2,3
BRDA:282,26,0,4
BRDA:282,26,1,4
BRDA:282,26,2,3
BRDA:299,27,0,4
BRDA:299,27,1,0
BRDA:300,28,0,4
BRDA:300,28,1,0
BRF:62
BRH:38
end_of_record
TN:
SF:src/components/suppliers/ApprovalHistoryDialog.jsx
FN:21,(anonymous_0)
FN:30,(anonymous_1)
FN:31,(anonymous_2)
FN:36,(anonymous_3)
FN:38,(anonymous_4)
FN:40,(anonymous_5)
FN:89,(anonymous_6)
FNF:7
FNH:7
FNDA:1,(anonymous_0)
FNDA:2,(anonymous_1)
FNDA:2,(anonymous_2)
FNDA:1,(anonymous_3)
FNDA:1,(anonymous_4)
FNDA:2,(anonymous_5)
FNDA:2,(anonymous_6)
DA:6,1
DA:21,1
DA:22,1
DA:24,1
DA:26,1
DA:27,1
DA:28,1
DA:29,1
DA:30,2
DA:31,2
DA:36,1
DA:38,1
DA:40,1
DA:41,2
DA:42,1
DA:43,1
DA:51,0
DA:55,1
DA:90,2
DA:91,2
DA:92,2
LF:21
LH:20
BRDA:24,0,0,0
BRDA:24,0,1,1
BRDA:26,1,0,1
BRDA:26,1,1,0
BRDA:27,2,0,1
BRDA:27,2,1,0
BRDA:29,3,0,1
BRDA:29,3,1,0
BRDA:30,4,0,2
BRDA:30,4,1,2
BRDA:34,5,0,2
BRDA:34,5,1,0
BRDA:38,6,0,1
BRDA:38,6,1,1
BRDA:38,6,2,1
BRDA:41,7,0,1
BRDA:41,7,1,1
BRDA:67,8,0,1
BRDA:67,8,1,0
BRDA:69,9,0,1
BRDA:69,9,1,0
BRDA:75,10,0,0
BRDA:75,10,1,1
BRDA:77,11,0,0
BRDA:77,11,1,1
BRDA:83,12,0,1
BRDA:83,12,1,1
BRDA:90,13,0,2
BRDA:90,13,1,0
BRDA:93,14,0,2
BRDA:93,14,1,0
BRDA:113,15,0,1
BRDA:113,15,1,0
BRDA:123,16,0,1
BRDA:123,16,1,0
BRDA:133,17,0,1
BRDA:133,17,1,0
BRDA:133,17,2,0
BRF:38
BRH:23
end_of_record
TN:
SF:src/components/ui/PanelInfoPopover.jsx
FN:5,(anonymous_0)
FN:15,(anonymous_1)
FN:28,(anonymous_2)
FNF:3
FNH:2
FNDA:1183,(anonymous_0)
FNDA:0,(anonymous_1)
FNDA:169,(anonymous_2)
DA:5,3
DA:6,1183
DA:7,287
DA:9,896
DA:10,0
DA:12,896
DA:15,3
DA:16,0
DA:17,0
DA:20,0
DA:28,3
DA:39,169
DA:40,169
DA:41,169
DA:42,169
DA:43,169
DA:44,169
DA:45,169
DA:47,169
LF:19
LH:15
BRDA:6,0,0,287
BRDA:6,0,1,896
BRDA:9,1,0,0
BRDA:9,1,1,896
BRDA:16,2,0,0
BRDA:16,2,1,0
BRDA:37,3,0,169
BRDA:39,4,0,169
BRDA:39,4,1,0
BRDA:55,5,0,169
BRDA:55,5,1,64
BRF:11
BRH:7
end_of_record
TN:
SF:src/components/ui/alert.jsx
FN:22,(anonymous_0)
FN:32,(anonymous_1)
FN:41,(anonymous_2)
FNF:3
FNH:3
FNDA:22,(anonymous_0)
FNDA:22,(anonymous_1)
FNDA:22,(anonymous_2)
DA:6,1
DA:22,1
DA:23,22
DA:30,1
DA:32,1
DA:33,22
DA:39,1
DA:41,1
DA:42,22
DA:48,1
LF:10
LH:10
BRF:0
BRH:0
end_of_record
TN:
SF:src/components/ui/badge.jsx
FN:25,Badge
FNF:1
FNH:1
FNDA:378,Badge
DA:5,14
DA:26,378
LF:2
LH:2
BRF:0
BRH:0
end_of_record
TN:
SF:src/components/ui/button.jsx
FN:34,(anonymous_0)
FNF:1
FNH:1
FNDA:1029,(anonymous_0)
DA:6,20
DA:34,20
DA:35,1029
DA:36,1029
DA:38,20
LF:5
LH:5
BRDA:34,0,0,1029
BRDA:35,1,0,6
BRDA:35,1,1,1023
BRF:3
BRH:3
end_of_record
TN:
SF:src/components/ui/card.jsx
FN:5,(anonymous_0)
FN:14,(anonymous_1)
FN:23,(anonymous_2)
FN:32,(anonymous_3)
FN:41,(anonymous_4)
FN:46,(anonymous_5)
FNF:6
FNH:4
FNDA:532,(anonymous_0)
FNDA:509,(anonymous_1)
FNDA:509,(anonymous_2)
FNDA:0,(anonymous_3)
FNDA:531,(anonymous_4)
FNDA:0,(anonymous_5)
DA:5,13
DA:6,532
DA:12,13
DA:14,13
DA:15,509
DA:21,13
DA:23,13
DA:24,509
DA:30,13
DA:32,13
DA:33,0
DA:39,13
DA:41,13
DA:42,531
DA:44,13
DA:46,13
DA:47,0
DA:53,13
LF:18
LH:16
BRF:0
BRH:0
end_of_record
TN:
SF:src/components/ui/dialog.jsx
FN:10,(anonymous_0)
FN:28,(anonymous_1)
FN:39,(anonymous_2)
FN:67,(anonymous_3)
FN:77,(anonymous_4)
FN:87,(anonymous_5)
FN:99,(anonymous_6)
FNF:7
FNH:7
FNDA:158,(anonymous_0)
FNDA:16,(anonymous_1)
FNDA:158,(anonymous_2)
FNDA:7,(anonymous_3)
FNDA:6,(anonymous_4)
FNDA:11,(anonymous_5)
FNDA:10,(anonymous_6)
DA:8,6
DA:10,6
DA:11,158
DA:12,158
DA:13,158
DA:15,158
DA:22,6
DA:24,6
DA:26,6
DA:28,6
DA:29,16
DA:37,6
DA:39,6
DA:40,158
DA:42,158
DA:65,6
DA:67,6
DA:71,7
DA:75,6
DA:77,6
DA:81,6
DA:85,6
DA:87,6
DA:88,11
DA:89,11
DA:97,6
DA:99,6
DA:100,10
DA:101,10
DA:109,6
LF:30
LH:30
BRF:0
BRH:0
end_of_record
TN:
SF:src/components/ui/input.jsx
FN:6,(anonymous_0)
FNF:1
FNH:1
FNDA:324,(anonymous_0)
DA:6,5
DA:7,324
DA:19,5
LF:3
LH:3
BRF:0
BRH:0
end_of_record
TN:
SF:src/components/ui/label.jsx
FN:12,(anonymous_0)
FNF:1
FNH:1
FNDA:385,(anonymous_0)
DA:8,4
DA:12,4
DA:13,385
DA:15,4
LF:4
LH:4
BRF:0
BRH:0
end_of_record
TN:
SF:src/components/ui/popover.jsx
FN:10,(anonymous_0)
FNF:1
FNH:1
FNDA:169,(anonymous_0)
DA:6,3
DA:8,3
DA:10,3
DA:11,169
DA:24,3
LF:5
LH:5
BRDA:10,0,0,169
BRDA:10,1,0,169
BRF:2
BRH:2
end_of_record
TN:
SF:src/components/ui/select.jsx
FN:14,(anonymous_0)
FN:30,(anonymous_1)
FN:40,(anonymous_2)
FN:51,(anonymous_3)
FN:75,(anonymous_4)
FN:83,(anonymous_5)
FN:102,(anonymous_6)
FNF:7
FNH:5
FNDA:16,(anonymous_0)
FNDA:16,(anonymous_1)
FNDA:16,(anonymous_2)
FNDA:17,(anonymous_3)
FNDA:0,(anonymous_4)
FNDA:70,(anonymous_5)
FNDA:0,(anonymous_6)
DA:8,1
DA:10,1
DA:12,1
DA:14,1
DA:15,16
DA:28,1
DA:30,1
DA:31,16
DA:38,1
DA:40,1
DA:41,16
DA:48,1
DA:51,1
DA:52,17
DA:73,1
DA:75,1
DA:76,0
DA:81,1
DA:83,1
DA:84,70
DA:100,1
DA:102,1
DA:103,0
DA:108,1
LF:24
LH:22
BRDA:51,0,0,17
BRDA:57,1,0,17
BRDA:57,1,1,16
BRDA:65,2,0,17
BRDA:65,2,1,16
BRF:5
BRH:5
end_of_record
TN:
SF:src/components/ui/switch.jsx
FN:6,(anonymous_0)
FNF:1
FNH:1
FNDA:70,(anonymous_0)
DA:6,2
DA:7,70
DA:22,2
LF:3
LH:3
BRF:0
BRH:0
end_of_record
TN:
SF:src/components/ui/table.jsx
FN:5,(anonymous_0)
FN:16,(anonymous_1)
FN:21,(anonymous_2)
FN:30,(anonymous_3)
FN:39,(anonymous_4)
FN:51,(anonymous_5)
FN:63,(anonymous_6)
FN:75,(anonymous_7)
FNF:8
FNH:6
FNDA:78,(anonymous_0)
FNDA:78,(anonymous_1)
FNDA:78,(anonymous_2)
FNDA:0,(anonymous_3)
FNDA:211,(anonymous_4)
FNDA:710,(anonymous_5)
FNDA:1282,(anonymous_6)
FNDA:0,(anonymous_7)
DA:5,2
DA:6,78
DA:14,2
DA:16,2
DA:17,78
DA:19,2
DA:21,2
DA:22,78
DA:28,2
DA:30,2
DA:31,0
DA:37,2
DA:39,2
DA:40,211
DA:49,2
DA:51,2
DA:52,710
DA:61,2
DA:63,2
DA:64,1282
DA:73,2
DA:75,2
DA:76,0
DA:82,2
LF:24
LH:22
BRF:0
BRH:0
end_of_record
TN:
SF:src/components/ui/tabs.jsx
FN:9,(anonymous_0)
FN:20,(anonymous_1)
FN:31,(anonymous_2)
FNF:3
FNH:3
FNDA:19,(anonymous_0)
FNDA:99,(anonymous_1)
FNDA:97,(anonymous_2)
DA:7,5
DA:9,5
DA:10,19
DA:18,5
DA:20,5
DA:21,99
DA:29,5
DA:31,5
DA:32,97
DA:40,5
LF:10
LH:10
BRF:0
BRH:0
end_of_record
TN:
SF:src/components/ui/textarea.jsx
FN:6,(anonymous_0)
FNF:1
FNH:1
FNDA:3,(anonymous_0)
DA:6,2
DA:7,3
DA:18,2
LF:3
LH:3
BRF:0
BRH:0
end_of_record
TN:
SF:src/components/ui/use-toast.js
FN:6,generateId
FN:17,(anonymous_1)
FN:19,(anonymous_2)
FN:26,(anonymous_3)
FN:29,(anonymous_4)
FN:31,(anonymous_5)
FN:32,(anonymous_6)
FN:37,(anonymous_7)
FN:40,(anonymous_8)
FN:41,(anonymous_9)
FN:43,(anonymous_10)
FN:48,(anonymous_11)
FN:48,(anonymous_12)
FN:50,(anonymous_13)
FN:53,(anonymous_14)
FN:68,useToast
FN:71,(anonymous_16)
FN:72,(anonymous_17)
FN:79,(anonymous_18)
FN:82,(anonymous_19)
FN:87,(anonymous_20)
FN:94,(anonymous_21)
FN:95,(anonymous_22)
FNF:23
FNH:8
FNDA:0,generateId
FNDA:2,(anonymous_1)
FNDA:0,(anonymous_2)
FNDA:0,(anonymous_3)
FNDA:1,(anonymous_4)
FNDA:1,(anonymous_5)
FNDA:1,(anonymous_6)
FNDA:0,(anonymous_7)
FNDA:0,(anonymous_8)
FNDA:0,(anonymous_9)
FNDA:0,(anonymous_10)
FNDA:0,(anonymous_11)
FNDA:0,(anonymous_12)
FNDA:0,(anonymous_13)
FNDA:0,(anonymous_14)
FNDA:2,useToast
FNDA:1,(anonymous_16)
FNDA:0,(anonymous_17)
FNDA:1,(anonymous_18)
FNDA:0,(anonymous_19)
FNDA:0,(anonymous_20)
FNDA:1,(anonymous_21)
FNDA:0,(anonymous_22)
DA:3,3
DA:5,3
DA:7,0
DA:8,0
DA:11,3
DA:17,2
DA:20,0
DA:21,0
DA:23,0
DA:26,0
DA:30,1
DA:31,1
DA:32,1
DA:37,3
DA:38,0
DA:40,0
DA:41,0
DA:44,0
DA:48,0
DA:50,0
DA:53,0
DA:61,0
DA:69,2
DA:71,2
DA:72,1
DA:73,0
DA:76,1
DA:79,2
DA:80,1
DA:82,1
DA:83,0
DA:84,0
DA:87,0
DA:88,0
DA:91,0
DA:94,1
DA:95,1
DA:99,2
LF:38
LH:18
BRDA:20,0,0,0
BRDA:20,0,1,0
BRDA:44,1,0,0
BRDA:44,1,1,0
BRDA:83,2,0,0
BRDA:83,2,1,0
BRDA:89,3,0,0
BRDA:89,3,1,0
BRF:8
BRH:0
end_of_record
TN:
SF:src/config/invoiceTemplates.js
FN:47,(anonymous_0)
FNF:1
FNH:0
FNDA:0,(anonymous_0)
DA:6,1
DA:45,1
DA:47,1
DA:48,0
LF:4
LH:3
BRDA:48,0,0,0
BRDA:48,0,1,0
BRDA:48,0,2,0
BRF:3
BRH:0
end_of_record
TN:
SF:src/config/invoiceThemes.js
FN:210,(anonymous_0)
FNF:1
FNH:0
FNDA:0,(anonymous_0)
DA:7,1
DA:210,1
DA:211,1
LF:3
LH:3
BRDA:210,0,0,0
BRDA:210,0,1,0
BRF:2
BRH:0
end_of_record
TN:
SF:src/config/statusMappings.js
FNF:0
FNH:0
DA:13,1
DA:51,1
LF:2
LH:2
BRF:0
BRH:0
end_of_record
TN:
SF:src/contexts/AuthContext.jsx
FN:22,(anonymous_0)
FN:27,(anonymous_1)
FN:45,(anonymous_2)
FN:63,(anonymous_3)
FNF:4
FNH:0
FNDA:0,(anonymous_0)
FNDA:0,(anonymous_1)
FNDA:0,(anonymous_2)
FNDA:0,(anonymous_3)
DA:16,3
DA:22,3
DA:23,0
DA:24,0
DA:26,0
DA:27,0
DA:36,0
DA:45,3
DA:46,0
DA:63,3
DA:64,0
DA:65,0
DA:66,0
DA:68,0
LF:14
LH:4
BRDA:65,0,0,0
BRDA:65,0,1,0
BRF:2
BRH:0
end_of_record
TN:
SF:src/contexts/AuthStateContext.jsx
FN:25,(anonymous_0)
FN:28,(anonymous_1)
FN:31,(anonymous_2)
FN:32,(anonymous_3)
FN:33,(anonymous_4)
FN:34,(anonymous_5)
FN:37,(anonymous_6)
FN:40,(anonymous_7)
FN:45,(anonymous_8)
FN:59,(anonymous_9)
FNF:10
FNH:0
FNDA:0,(anonymous_0)
FNDA:0,(anonymous_1)
FNDA:0,(anonymous_2)
FNDA:0,(anonymous_3)
FNDA:0,(anonymous_4)
FNDA:0,(anonymous_5)
FNDA:0,(anonymous_6)
FNDA:0,(anonymous_7)
FNDA:0,(anonymous_8)
FNDA:0,(anonymous_9)
DA:17,3
DA:19,3
DA:26,0
DA:29,0
DA:33,0
DA:35,0
DA:38,0
DA:41,0
DA:45,3
DA:46,0
DA:47,0
DA:49,0
DA:59,3
DA:60,0
DA:61,0
DA:62,0
DA:64,0
LF:17
LH:4
BRDA:47,0,0,0
BRDA:47,0,1,0
BRDA:61,1,0,0
BRDA:61,1,1,0
BRF:4
BRH:0
end_of_record
TN:
SF:src/contexts/UserMetadataContext.jsx
FN:18,(anonymous_0)
FN:27,(anonymous_1)
FN:28,(anonymous_2)
FN:50,(anonymous_3)
FN:55,(anonymous_4)
FN:80,(anonymous_5)
FNF:6
FNH:0
FNDA:0,(anonymous_0)
FNDA:0,(anonymous_1)
FNDA:0,(anonymous_2)
FNDA:0,(anonymous_3)
FNDA:0,(anonymous_4)
FNDA:0,(anonymous_5)
DA:16,3
DA:18,3
DA:19,0
DA:21,0
DA:27,0
DA:28,0
DA:31,0
DA:32,0
DA:33,0
DA:38,0
DA:42,0
DA:43,0
DA:50,0
DA:51,0
DA:54,0
DA:56,0
DA:57,0
DA:59,0
DA:60,0
DA:61,0
DA:66,0
DA:72,0
DA:80,3
DA:81,0
DA:82,0
DA:83,0
DA:85,0
LF:27
LH:3
BRDA:32,0,0,0
BRDA:32,0,1,0
BRDA:57,1,0,0
BRDA:57,1,1,0
BRDA:59,2,0,0
BRDA:59,2,1,0
BRDA:60,3,0,0
BRDA:60,3,1,0
BRDA:82,4,0,0
BRDA:82,4,1,0
BRF:10
BRH:0
end_of_record
TN:
SF:src/hooks/useAccountingClosingAssistant.js
FN:14,normalizePeriodDate
FN:21,derivePeriodWindow
FN:42,useAccountingClosingAssistant
FN:52,(anonymous_3)
FN:81,(anonymous_4)
FN:96,(anonymous_5)
FN:105,(anonymous_6)
FN:212,(anonymous_7)
FN:226,(anonymous_8)
FNF:9
FNH:7
FNDA:6,normalizePeriodDate
FNDA:3,derivePeriodWindow
FNDA:2,useAccountingClosingAssistant
FNDA:1,(anonymous_3)
FNDA:2,(anonymous_4)
FNDA:0,(anonymous_5)
FNDA:1,(anonymous_6)
FNDA:0,(anonymous_7)
FNDA:2,(anonymous_8)
DA:15,6
DA:16,6
DA:17,6
DA:18,6
DA:22,3
DA:26,3
DA:31,3
DA:32,3
DA:34,3
DA:43,2
DA:44,2
DA:45,2
DA:46,2
DA:48,2
DA:49,2
DA:50,2
DA:52,2
DA:53,1
DA:54,0
DA:55,0
DA:58,1
DA:59,1
DA:65,1
DA:67,1
DA:68,1
DA:70,1
DA:71,1
DA:72,1
DA:74,0
DA:75,0
DA:76,0
DA:80,2
DA:82,2
DA:84,2
DA:86,2
DA:91,2
DA:93,2
DA:94,2
DA:96,2
DA:97,0
DA:98,0
DA:104,2
DA:106,1
DA:108,1
DA:109,1
DA:111,1
DA:112,1
DA:114,1
DA:122,1
DA:124,1
DA:130,1
DA:132,1
DA:133,1
DA:135,1
DA:136,1
DA:137,1
DA:141,1
DA:149,1
DA:168,1
DA:170,1
DA:172,1
DA:190,1
DA:198,0
DA:203,0
DA:205,1
DA:211,2
DA:213,0
DA:214,0
DA:215,0
DA:216,0
DA:217,0
DA:218,0
DA:220,0
DA:226,2
DA:228,2
LF:75
LH:59
BRDA:15,0,0,0
BRDA:15,0,1,6
BRDA:17,1,0,0
BRDA:17,1,1,6
BRDA:53,2,0,0
BRDA:53,2,1,1
BRDA:68,3,0,0
BRDA:68,3,1,1
BRDA:70,4,0,1
BRDA:70,4,1,0
BRDA:82,5,0,0
BRDA:82,5,1,2
BRDA:94,6,0,0
BRDA:94,6,1,2
BRDA:96,7,0,2
BRDA:96,7,1,2
BRDA:98,8,0,0
BRDA:98,8,1,0
BRDA:105,9,0,1
BRDA:105,10,0,1
BRDA:106,11,0,0
BRDA:106,11,1,1
BRDA:106,12,0,1
BRDA:106,12,1,1
BRDA:122,13,0,0
BRDA:122,13,1,1
BRDA:133,14,0,0
BRDA:133,14,1,1
BRDA:135,15,0,1
BRDA:135,15,1,0
BRDA:145,16,0,1
BRDA:145,16,1,0
BRDA:157,17,0,1
BRDA:157,17,1,0
BRDA:168,18,0,0
BRDA:168,18,1,1
BRDA:174,19,0,1
BRDA:174,19,1,0
BRDA:178,20,0,1
BRDA:178,20,1,0
BRDA:187,21,0,1
BRDA:187,21,1,0
BRDA:192,22,0,1
BRDA:192,22,1,0
BRDA:200,23,0,0
BRDA:200,23,1,0
BRDA:212,24,0,0
BRDA:213,25,0,0
BRDA:213,25,1,0
BRDA:217,26,0,0
BRDA:217,26,1,0
BRDA:226,27,0,0
BRDA:226,27,1,2
BRF:53
BRH:25
end_of_record
TN:
SF:src/hooks/useActiveCompanyId.js
FN:8,useActiveCompanyId
FN:9,(anonymous_1)
FN:11,(anonymous_2)
FN:14,(anonymous_3)
FN:18,(anonymous_4)
FN:27,(anonymous_5)
FNF:6
FNH:4
FNDA:16,useActiveCompanyId
FNDA:11,(anonymous_1)
FNDA:11,(anonymous_2)
FNDA:0,(anonymous_3)
FNDA:0,(anonymous_4)
FNDA:11,(anonymous_5)
DA:9,16
DA:11,16
DA:12,11
DA:14,11
DA:15,0
DA:18,11
DA:19,0
DA:20,0
DA:24,11
DA:25,11
DA:27,11
DA:28,11
DA:29,11
DA:33,16
LF:14
LH:11
BRDA:12,0,0,0
BRDA:12,0,1,11
BRDA:15,1,0,0
BRDA:15,1,1,0
BRDA:19,2,0,0
BRDA:19,2,1,0
BRF:6
BRH:1
end_of_record
TN:
SF:src/hooks/useAuth.js
FN:12,(anonymous_0)
FN:16,(anonymous_1)
FN:20,(anonymous_2)
FN:25,(anonymous_3)
FN:27,(anonymous_4)
FN:36,(anonymous_5)
FN:45,(anonymous_6)
FN:51,(anonymous_7)
FN:79,(anonymous_8)
FN:95,(anonymous_9)
FN:108,(anonymous_10)
FN:120,(anonymous_11)
FN:129,(anonymous_12)
FN:132,(anonymous_13)
FN:144,(anonymous_14)
FN:160,(anonymous_15)
FN:175,(anonymous_16)
FN:191,(anonymous_17)
FN:196,(anonymous_18)
FN:258,(anonymous_19)
FN:272,(anonymous_20)
FN:275,(anonymous_21)
FN:333,(anonymous_22)
FN:358,(anonymous_23)
FN:364,(anonymous_24)
FN:445,(anonymous_25)
FN:487,(anonymous_26)
FN:513,(anonymous_27)
FN:514,(anonymous_28)
FN:531,(anonymous_29)
FN:544,(anonymous_30)
FN:549,(anonymous_31)
FN:557,(anonymous_32)
FN:567,(anonymous_33)
FN:592,(anonymous_34)
FNF:35
FNH:0
FNDA:0,(anonymous_0)
FNDA:0,(anonymous_1)
FNDA:0,(anonymous_2)
FNDA:0,(anonymous_3)
FNDA:0,(anonymous_4)
FNDA:0,(anonymous_5)
FNDA:0,(anonymous_6)
FNDA:0,(anonymous_7)
FNDA:0,(anonymous_8)
FNDA:0,(anonymous_9)
FNDA:0,(anonymous_10)
FNDA:0,(anonymous_11)
FNDA:0,(anonymous_12)
FNDA:0,(anonymous_13)
FNDA:0,(anonymous_14)
FNDA:0,(anonymous_15)
FNDA:0,(anonymous_16)
FNDA:0,(anonymous_17)
FNDA:0,(anonymous_18)
FNDA:0,(anonymous_19)
FNDA:0,(anonymous_20)
FNDA:0,(anonymous_21)
FNDA:0,(anonymous_22)
FNDA:0,(anonymous_23)
FNDA:0,(anonymous_24)
FNDA:0,(anonymous_25)
FNDA:0,(anonymous_26)
FNDA:0,(anonymous_27)
FNDA:0,(anonymous_28)
FNDA:0,(anonymous_29)
FNDA:0,(anonymous_30)
FNDA:0,(anonymous_31)
FNDA:0,(anonymous_32)
FNDA:0,(anonymous_33)
FNDA:0,(anonymous_34)
DA:8,3
DA:9,3
DA:10,3
DA:12,3
DA:13,0
DA:16,3
DA:17,0
DA:18,0
DA:20,3
DA:21,0
DA:22,0
DA:23,0
DA:25,3
DA:27,3
DA:28,0
DA:29,0
DA:30,0
DA:31,0
DA:33,0
DA:36,3
DA:37,0
DA:38,0
DA:39,0
DA:41,0
DA:45,3
DA:46,0
DA:47,0
DA:48,0
DA:49,0
DA:51,0
DA:52,0
DA:54,0
DA:62,0
DA:66,0
DA:67,0
DA:68,0
DA:71,0
DA:74,0
DA:75,0
DA:79,0
DA:80,0
DA:82,0
DA:83,0
DA:91,0
DA:95,0
DA:96,0
DA:98,0
DA:104,0
DA:105,0
DA:108,0
DA:109,0
DA:115,0
DA:116,0
DA:119,0
DA:120,0
DA:121,0
DA:122,0
DA:123,0
DA:124,0
DA:125,0
DA:128,0
DA:130,0
DA:132,0
DA:135,0
DA:136,0
DA:137,0
DA:138,0
DA:139,0
DA:144,0
DA:145,0
DA:146,0
DA:148,0
DA:149,0
DA:150,0
DA:151,0
DA:157,0
DA:160,0
DA:161,0
DA:162,0
DA:166,0
DA:167,0
DA:168,0
DA:169,0
DA:170,0
DA:173,0
DA:174,0
DA:175,0
DA:178,0
DA:182,0
DA:183,0
DA:184,0
DA:185,0
DA:187,0
DA:191,0
DA:192,0
DA:195,0
DA:197,0
DA:199,0
DA:200,0
DA:203,0
DA:204,0
DA:210,0
DA:211,0
DA:212,0
DA:213,0
DA:214,0
DA:218,0
DA:219,0
DA:223,0
DA:227,0
DA:228,0
DA:231,0
DA:232,0
DA:235,0
DA:236,0
DA:238,0
DA:246,0
DA:247,0
DA:249,0
DA:251,0
DA:252,0
DA:258,0
DA:259,0
DA:260,0
DA:263,0
DA:265,0
DA:266,0
DA:269,0
DA:272,0
DA:273,0
DA:275,0
DA:276,0
DA:277,0
DA:278,0
DA:279,0
DA:280,0
DA:281,0
DA:283,0
DA:286,0
DA:291,0
DA:293,0
DA:294,0
DA:297,0
DA:298,0
DA:299,0
DA:300,0
DA:301,0
DA:302,0
DA:304,0
DA:307,0
DA:311,0
DA:312,0
DA:313,0
DA:314,0
DA:316,0
DA:319,0
DA:320,0
DA:324,0
DA:328,0
DA:330,0
DA:332,0
DA:333,0
DA:334,0
DA:336,0
DA:337,0
DA:338,0
DA:339,0
DA:340,0
DA:341,0
DA:342,0
DA:343,0
DA:344,0
DA:345,0
DA:346,0
DA:348,0
DA:352,0
DA:355,0
DA:358,0
DA:359,0
DA:360,0
DA:364,0
DA:365,0
DA:366,0
DA:367,0
DA:372,0
DA:373,0
DA:374,0
DA:375,0
DA:377,0
DA:378,0
DA:381,0
DA:382,0
DA:384,0
DA:385,0
DA:387,0
DA:388,0
DA:399,0
DA:401,0
DA:402,0
DA:404,0
DA:406,0
DA:415,0
DA:417,0
DA:418,0
DA:421,0
DA:424,0
DA:425,0
DA:426,0
DA:428,0
DA:433,0
DA:435,0
DA:436,0
DA:437,0
DA:438,0
DA:439,0
DA:441,0
DA:445,0
DA:446,0
DA:447,0
DA:448,0
DA:449,0
DA:451,0
DA:452,0
DA:454,0
DA:455,0
DA:460,0
DA:461,0
DA:463,0
DA:464,0
DA:466,0
DA:467,0
DA:468,0
DA:469,0
DA:471,0
DA:475,0
DA:477,0
DA:478,0
DA:479,0
DA:480,0
DA:481,0
DA:483,0
DA:487,0
DA:488,0
DA:489,0
DA:490,0
DA:493,0
DA:494,0
DA:511,0
DA:513,0
DA:514,0
DA:517,0
DA:518,0
DA:521,0
DA:529,0
DA:531,0
DA:533,0
DA:534,0
DA:535,0
DA:537,0
DA:538,0
DA:544,0
DA:545,0
DA:546,0
DA:547,0
DA:548,0
DA:549,0
DA:550,0
DA:552,0
DA:553,0
DA:557,0
DA:558,0
DA:559,0
DA:563,0
DA:564,0
DA:567,0
DA:568,0
DA:569,0
DA:570,0
DA:571,0
DA:573,0
DA:574,0
DA:575,0
DA:576,0
DA:581,0
DA:582,0
DA:583,0
DA:584,0
DA:586,0
DA:587,0
DA:588,0
DA:592,0
DA:593,0
DA:594,0
DA:595,0
DA:598,0
LF:295
LH:10
BRDA:13,0,0,0
BRDA:13,0,1,0
BRDA:17,1,0,0
BRDA:17,2,0,0
BRDA:17,2,1,0
BRDA:21,3,0,0
BRDA:21,3,1,0
BRDA:23,4,0,0
BRDA:23,4,1,0
BRDA:25,5,0,0
BRDA:25,5,1,0
BRDA:28,6,0,0
BRDA:28,6,1,0
BRDA:29,7,0,0
BRDA:29,7,1,0
BRDA:29,7,2,0
BRDA:30,8,0,0
BRDA:30,8,1,0
BRDA:37,9,0,0
BRDA:37,9,1,0
BRDA:37,10,0,0
BRDA:37,10,1,0
BRDA:52,11,0,0
BRDA:52,11,1,0
BRDA:62,12,0,0
BRDA:62,12,1,0
BRDA:67,13,0,0
BRDA:67,13,1,0
BRDA:74,14,0,0
BRDA:74,14,1,0
BRDA:80,15,0,0
BRDA:80,15,1,0
BRDA:96,16,0,0
BRDA:96,16,1,0
BRDA:96,17,0,0
BRDA:96,17,1,0
BRDA:104,18,0,0
BRDA:104,18,1,0
BRDA:104,19,0,0
BRDA:104,19,1,0
BRDA:104,19,2,0
BRDA:115,20,0,0
BRDA:115,20,1,0
BRDA:115,21,0,0
BRDA:115,21,1,0
BRDA:115,21,2,0
BRDA:120,22,0,0
BRDA:120,22,1,0
BRDA:121,23,0,0
BRDA:121,23,1,0
BRDA:130,24,0,0
BRDA:130,24,1,0
BRDA:130,24,2,0
BRDA:132,25,0,0
BRDA:132,25,1,0
BRDA:135,26,0,0
BRDA:135,26,1,0
BRDA:148,27,0,0
BRDA:148,27,1,0
BRDA:150,28,0,0
BRDA:150,28,1,0
BRDA:161,29,0,0
BRDA:161,29,1,0
BRDA:161,30,0,0
BRDA:161,30,1,0
BRDA:166,31,0,0
BRDA:166,31,1,0
BRDA:168,32,0,0
BRDA:168,32,1,0
BRDA:173,33,0,0
BRDA:173,33,1,0
BRDA:197,34,0,0
BRDA:197,34,1,0
BRDA:197,35,0,0
BRDA:197,35,1,0
BRDA:199,36,0,0
BRDA:199,36,1,0
BRDA:210,37,0,0
BRDA:210,37,1,0
BRDA:212,38,0,0
BRDA:212,38,1,0
BRDA:212,39,0,0
BRDA:212,39,1,0
BRDA:218,40,0,0
BRDA:218,40,1,0
BRDA:218,41,0,0
BRDA:218,41,1,0
BRDA:225,42,0,0
BRDA:225,42,1,0
BRDA:231,43,0,0
BRDA:231,43,1,0
BRDA:235,44,0,0
BRDA:235,44,1,0
BRDA:236,45,0,0
BRDA:236,45,1,0
BRDA:242,46,0,0
BRDA:242,46,1,0
BRDA:259,47,0,0
BRDA:259,47,1,0
BRDA:265,48,0,0
BRDA:265,48,1,0
BRDA:277,49,0,0
BRDA:277,49,1,0
BRDA:277,50,0,0
BRDA:277,50,1,0
BRDA:279,51,0,0
BRDA:279,51,1,0
BRDA:293,52,0,0
BRDA:293,52,1,0
BRDA:297,53,0,0
BRDA:297,53,1,0
BRDA:299,54,0,0
BRDA:299,54,1,0
BRDA:312,55,0,0
BRDA:312,55,1,0
BRDA:313,56,0,0
BRDA:313,56,1,0
BRDA:313,57,0,0
BRDA:313,57,1,0
BRDA:313,57,2,0
BRDA:319,58,0,0
BRDA:319,58,1,0
BRDA:324,59,0,0
BRDA:324,59,1,0
BRDA:332,60,0,0
BRDA:332,60,1,0
BRDA:334,61,0,0
BRDA:334,61,1,0
BRDA:336,62,0,0
BRDA:336,62,1,0
BRDA:340,63,0,0
BRDA:340,63,1,0
BRDA:340,64,0,0
BRDA:340,64,1,0
BRDA:342,65,0,0
BRDA:342,65,1,0
BRDA:344,66,0,0
BRDA:344,66,1,0
BRDA:360,67,0,0
BRDA:360,67,1,0
BRDA:365,68,0,0
BRDA:365,68,1,0
BRDA:366,69,0,0
BRDA:366,69,1,0
BRDA:377,70,0,0
BRDA:377,70,1,0
BRDA:399,71,0,0
BRDA:399,71,1,0
BRDA:404,72,0,0
BRDA:404,72,1,0
BRDA:404,73,0,0
BRDA:404,73,1,0
BRDA:417,74,0,0
BRDA:417,74,1,0
BRDA:424,75,0,0
BRDA:424,75,1,0
BRDA:446,76,0,0
BRDA:446,76,1,0
BRDA:460,77,0,0
BRDA:460,77,1,0
BRDA:466,78,0,0
BRDA:466,78,1,0
BRDA:487,79,0,0
BRDA:487,80,0,0
BRDA:488,81,0,0
BRDA:488,81,1,0
BRDA:488,82,0,0
BRDA:488,82,1,0
BRDA:489,83,0,0
BRDA:489,83,1,0
BRDA:517,84,0,0
BRDA:517,84,1,0
BRDA:529,85,0,0
BRDA:529,85,1,0
BRDA:537,86,0,0
BRDA:537,86,1,0
BRDA:545,87,0,0
BRDA:545,87,1,0
BRDA:548,88,0,0
BRDA:548,88,1,0
BRDA:549,89,0,0
BRDA:549,89,1,0
BRDA:558,90,0,0
BRDA:558,90,1,0
BRDA:563,91,0,0
BRDA:563,91,1,0
BRDA:568,92,0,0
BRDA:568,92,1,0
BRDA:569,93,0,0
BRDA:569,93,1,0
BRDA:569,93,2,0
BRDA:575,94,0,0
BRDA:575,94,1,0
BRDA:581,95,0,0
BRDA:581,95,1,0
BRDA:593,96,0,0
BRDA:593,96,1,0
BRDA:595,97,0,0
BRDA:595,97,1,0
BRF:199
BRH:0
end_of_record
TN:
SF:src/hooks/useCfoChat.js
FN:9,getFreshAccessToken
FN:22,callCfoAgent
FN:24,(anonymous_2)
FN:42,isAbortError
FN:46,(anonymous_4)
FN:55,(anonymous_5)
FN:63,(anonymous_6)
FN:69,(anonymous_7)
FN:81,(anonymous_8)
FN:98,(anonymous_9)
FN:115,(anonymous_10)
FN:133,(anonymous_11)
FN:146,(anonymous_12)
FN:169,(anonymous_13)
FN:185,(anonymous_14)
FN:205,(anonymous_15)
FN:218,(anonymous_16)
FN:235,(anonymous_17)
FNF:18
FNH:11
FNDA:2,getFreshAccessToken
FNDA:2,callCfoAgent
FNDA:1,(anonymous_2)
FNDA:1,isAbortError
FNDA:5,(anonymous_4)
FNDA:2,(anonymous_5)
FNDA:2,(anonymous_6)
FNDA:0,(anonymous_7)
FNDA:0,(anonymous_8)
FNDA:0,(anonymous_9)
FNDA:0,(anonymous_10)
FNDA:0,(anonymous_11)
FNDA:1,(anonymous_12)
FNDA:1,(anonymous_13)
FNDA:2,(anonymous_14)
FNDA:0,(anonymous_15)
FNDA:0,(anonymous_16)
FNDA:2,(anonymous_17)
DA:7,1
DA:13,2
DA:14,2
DA:15,2
DA:17,0
DA:18,0
DA:19,0
DA:23,2
DA:24,2
DA:26,2
DA:27,2
DA:38,2
DA:43,1
DA:46,1
DA:47,5
DA:48,5
DA:49,5
DA:50,5
DA:51,5
DA:52,5
DA:54,5
DA:56,2
DA:58,2
DA:63,2
DA:64,2
DA:66,2
DA:67,2
DA:68,2
DA:69,0
DA:78,0
DA:81,2
DA:86,2
DA:92,2
DA:95,1
DA:96,0
DA:97,0
DA:98,0
DA:107,0
DA:109,0
DA:112,1
DA:113,0
DA:114,0
DA:115,0
DA:127,0
DA:130,1
DA:132,1
DA:133,0
DA:142,0
DA:145,1
DA:146,1
DA:157,1
DA:158,1
DA:161,1
DA:162,1
DA:165,1
DA:166,1
DA:169,1
DA:179,2
DA:185,5
DA:186,2
DA:188,2
DA:189,2
DA:195,2
DA:197,2
DA:198,2
DA:199,0
DA:200,0
DA:203,2
DA:204,0
DA:205,0
DA:214,0
DA:218,5
DA:219,0
DA:221,0
DA:222,0
DA:224,0
DA:226,0
DA:227,0
DA:228,0
DA:229,0
DA:231,0
DA:235,5
DA:236,2
DA:237,2
DA:242,5
LF:85
LH:55
BRDA:14,0,0,0
BRDA:14,0,1,2
BRDA:15,1,0,2
BRDA:15,1,1,0
BRDA:18,2,0,0
BRDA:18,2,1,0
BRDA:19,3,0,0
BRDA:19,3,1,0
BRDA:22,4,0,2
BRDA:43,5,0,1
BRDA:43,5,1,1
BRDA:56,6,0,0
BRDA:56,6,1,2
BRDA:56,7,0,2
BRDA:56,7,1,2
BRDA:56,7,2,2
BRDA:68,8,0,0
BRDA:68,8,1,2
BRDA:95,9,0,0
BRDA:95,9,1,1
BRDA:97,10,0,0
BRDA:97,10,1,0
BRDA:112,11,0,0
BRDA:112,11,1,1
BRDA:120,12,0,0
BRDA:120,12,1,0
BRDA:132,13,0,0
BRDA:132,13,1,1
BRDA:145,14,0,1
BRDA:145,14,1,0
BRDA:152,15,0,1
BRDA:152,15,1,0
BRDA:157,16,0,1
BRDA:157,16,1,0
BRDA:161,17,0,1
BRDA:161,17,1,0
BRDA:166,18,0,1
BRDA:166,18,1,0
BRDA:186,19,0,0
BRDA:186,19,1,2
BRDA:186,20,0,2
BRDA:186,20,1,2
BRDA:198,21,0,0
BRDA:198,21,1,2
BRDA:203,22,0,0
BRDA:203,22,1,2
BRDA:203,23,0,2
BRDA:203,23,1,2
BRDA:219,24,0,0
BRDA:219,24,1,0
BRDA:219,25,0,0
BRDA:219,25,1,0
BRDA:236,26,0,2
BRDA:236,26,1,0
BRDA:236,27,0,2
BRDA:236,27,1,2
BRF:56
BRH:28
end_of_record
TN:
SF:src/hooks/useCfoGuidedActions.js
FN:22,(anonymous_0)
FN:27,(anonymous_1)
FN:28,(anonymous_2)
FN:33,(anonymous_3)
FN:36,buildCfoAuditAutorunUrl
FN:48,useCfoGuidedActions
FN:53,(anonymous_6)
FN:55,(anonymous_7)
FN:56,(anonymous_8)
FN:66,(anonymous_9)
FN:73,(anonymous_10)
FN:86,(anonymous_11)
FN:153,(anonymous_12)
FN:157,(anonymous_13)
FN:223,(anonymous_14)
FN:276,(anonymous_15)
FN:301,(anonymous_16)
FNF:17
FNH:13
FNDA:2,(anonymous_0)
FNDA:5,(anonymous_1)
FNDA:15,(anonymous_2)
FNDA:7,(anonymous_3)
FNDA:1,buildCfoAuditAutorunUrl
FNDA:10,useCfoGuidedActions
FNDA:5,(anonymous_6)
FNDA:15,(anonymous_7)
FNDA:15,(anonymous_8)
FNDA:5,(anonymous_9)
FNDA:0,(anonymous_10)
FNDA:4,(anonymous_11)
FNDA:0,(anonymous_12)
FNDA:0,(anonymous_13)
FNDA:1,(anonymous_14)
FNDA:0,(anonymous_15)
FNDA:10,(anonymous_16)
DA:9,1
DA:10,1
DA:16,1
DA:17,1
DA:18,1
DA:20,1
DA:22,1
DA:23,2
DA:24,2
DA:27,1
DA:28,5
DA:29,15
DA:30,15
DA:33,1
DA:34,7
DA:37,1
DA:38,1
DA:39,1
DA:45,1
DA:49,10
DA:50,10
DA:51,10
DA:52,10
DA:53,10
DA:55,10
DA:56,15
DA:65,10
DA:67,5
DA:72,10
DA:74,0
DA:86,10
DA:87,4
DA:88,4
DA:90,4
DA:91,0
DA:92,0
DA:95,4
DA:97,4
DA:98,4
DA:99,4
DA:112,4
DA:114,4
DA:116,4
DA:117,4
DA:118,1
DA:128,1
DA:134,3
DA:145,3
DA:146,2
DA:147,2
DA:149,2
DA:150,0
DA:154,0
DA:157,0
DA:158,0
DA:161,0
DA:169,2
DA:172,1
DA:186,4
DA:191,2
DA:193,2
DA:194,1
DA:195,1
DA:205,1
DA:212,1
DA:219,1
DA:223,10
DA:224,1
DA:225,1
DA:227,1
DA:228,0
DA:229,0
DA:232,1
DA:234,1
DA:235,1
DA:250,1
DA:252,1
DA:253,1
DA:255,1
DA:256,1
DA:264,1
DA:266,0
DA:267,0
DA:272,0
DA:276,10
DA:277,0
DA:278,0
DA:280,0
DA:281,0
DA:282,0
DA:284,0
DA:296,0
DA:297,0
DA:300,10
DA:301,10
DA:365,10
LF:96
LH:75
BRDA:23,0,0,0
BRDA:23,0,1,2
BRDA:33,1,0,7
BRDA:36,2,0,1
BRDA:73,3,0,0
BRDA:90,4,0,0
BRDA:90,4,1,4
BRDA:90,5,0,4
BRDA:90,5,1,4
BRDA:114,6,0,0
BRDA:114,6,1,4
BRDA:116,7,0,4
BRDA:116,7,1,0
BRDA:117,8,0,1
BRDA:117,8,1,3
BRDA:138,9,0,3
BRDA:138,9,1,0
BRDA:138,9,2,0
BRDA:145,10,0,2
BRDA:145,10,1,1
BRDA:146,11,0,2
BRDA:146,11,1,0
BRDA:149,12,0,0
BRDA:149,12,1,2
BRDA:149,13,0,2
BRDA:149,13,1,0
BRDA:158,14,0,0
BRDA:158,14,1,0
BRDA:162,15,0,0
BRDA:162,15,1,0
BRDA:162,15,2,0
BRDA:162,15,3,0
BRDA:162,15,4,0
BRDA:180,16,0,1
BRDA:180,16,1,0
BRDA:191,17,0,2
BRDA:191,17,1,0
BRDA:193,18,0,1
BRDA:193,18,1,1
BRDA:227,19,0,0
BRDA:227,19,1,1
BRDA:227,20,0,1
BRDA:227,20,1,1
BRDA:252,21,0,0
BRDA:252,21,1,1
BRDA:253,22,0,0
BRDA:253,22,1,1
BRDA:259,23,0,1
BRDA:259,23,1,0
BRDA:266,24,0,0
BRDA:266,24,1,0
BRF:51
BRH:26
end_of_record
TN:
SF:src/hooks/useCfoWeeklyBriefing.js
FN:9,getFreshAccessToken
FN:23,callWeeklyBriefingEndpoint
FN:25,(anonymous_2)
FN:43,useCfoWeeklyBriefing
FN:53,(anonymous_4)
FN:78,(anonymous_5)
FN:104,(anonymous_6)
FN:116,(anonymous_7)
FNF:8
FNH:6
FNDA:2,getFreshAccessToken
FNDA:2,callWeeklyBriefingEndpoint
FNDA:0,(anonymous_2)
FNDA:4,useCfoWeeklyBriefing
FNDA:2,(anonymous_4)
FNDA:0,(anonymous_5)
FNDA:1,(anonymous_6)
FNDA:1,(anonymous_7)
DA:7,1
DA:13,2
DA:15,2
DA:16,2
DA:18,0
DA:19,0
DA:20,0
DA:24,2
DA:25,2
DA:27,2
DA:28,2
DA:39,2
DA:44,4
DA:45,4
DA:46,4
DA:47,4
DA:48,4
DA:49,4
DA:50,4
DA:52,4
DA:54,2
DA:55,2
DA:57,2
DA:58,2
DA:59,2
DA:61,2
DA:62,2
DA:63,2
DA:64,0
DA:67,2
DA:68,2
DA:70,2
DA:71,0
DA:72,0
DA:73,0
DA:75,0
DA:78,2
DA:79,2
DA:80,0
DA:83,2
DA:84,2
DA:85,2
DA:86,0
DA:89,2
DA:90,2
DA:91,2
DA:93,0
DA:94,0
DA:95,0
DA:97,2
DA:98,2
DA:104,4
DA:105,1
DA:106,1
DA:110,4
DA:116,1
LF:56
LH:43
BRDA:15,0,0,0
BRDA:15,0,1,2
BRDA:16,1,0,2
BRDA:16,1,1,0
BRDA:19,2,0,0
BRDA:19,2,1,0
BRDA:20,3,0,0
BRDA:20,3,1,0
BRDA:23,4,0,2
BRDA:53,5,0,2
BRDA:53,6,0,2
BRDA:54,7,0,0
BRDA:54,7,1,2
BRDA:54,8,0,2
BRDA:54,8,1,2
BRDA:55,9,0,0
BRDA:55,9,1,2
BRDA:55,10,0,2
BRDA:55,10,1,0
BRDA:63,11,0,0
BRDA:63,11,1,2
BRDA:70,12,0,0
BRDA:70,12,1,2
BRDA:72,13,0,0
BRDA:72,13,1,0
BRDA:79,14,0,0
BRDA:79,14,1,2
BRDA:80,15,0,0
BRDA:80,15,1,0
BRDA:80,15,2,0
BRDA:83,16,0,2
BRDA:83,16,1,0
BRDA:84,17,0,2
BRDA:84,17,1,0
BRDA:85,18,0,0
BRDA:85,18,1,2
BRDA:93,19,0,0
BRDA:93,19,1,0
BRDA:105,20,0,1
BRDA:105,20,1,0
BRDA:105,21,0,1
BRDA:105,21,1,1
BRF:42
BRH:19
end_of_record
TN:
SF:src/hooks/useCompany.js
FN:8,(anonymous_0)
FN:15,(anonymous_1)
FN:27,(anonymous_2)
FN:32,(anonymous_3)
FN:37,(anonymous_4)
FN:38,(anonymous_5)
FN:48,(anonymous_6)
FN:61,(anonymous_7)
FN:113,(anonymous_8)
FN:118,(anonymous_9)
FN:161,(anonymous_10)
FN:172,(anonymous_11)
FN:177,(anonymous_12)
FN:186,(anonymous_13)
FN:190,(anonymous_14)
FN:208,(anonymous_15)
FN:257,(anonymous_16)
FN:278,(anonymous_17)
FN:295,(anonymous_18)
FN:296,(anonymous_19)
FN:298,(anonymous_20)
FN:329,(anonymous_21)
FN:367,(anonymous_22)
FN:368,(anonymous_23)
FN:368,(anonymous_24)
FN:391,(anonymous_25)
FN:403,(anonymous_26)
FN:404,(anonymous_27)
FN:404,(anonymous_28)
FNF:29
FNH:16
FNDA:2,(anonymous_0)
FNDA:7,(anonymous_1)
FNDA:36,(anonymous_2)
FNDA:2,(anonymous_3)
FNDA:2,(anonymous_4)
FNDA:0,(anonymous_5)
FNDA:21,(anonymous_6)
FNDA:9,(anonymous_7)
FNDA:6,(anonymous_8)
FNDA:2,(anonymous_9)
FNDA:10,(anonymous_10)
FNDA:19,(anonymous_11)
FNDA:3,(anonymous_12)
FNDA:0,(anonymous_13)
FNDA:0,(anonymous_14)
FNDA:2,(anonymous_15)
FNDA:1,(anonymous_16)
FNDA:1,(anonymous_17)
FNDA:1,(anonymous_18)
FNDA:0,(anonymous_19)
FNDA:0,(anonymous_20)
FNDA:0,(anonymous_21)
FNDA:0,(anonymous_22)
FNDA:0,(anonymous_23)
FNDA:0,(anonymous_24)
FNDA:0,(anonymous_25)
FNDA:0,(anonymous_26)
FNDA:0,(anonymous_27)
FNDA:0,(anonymous_28)
DA:8,1
DA:10,2
DA:12,2
DA:15,1
DA:17,7
DA:19,7
DA:27,1
DA:28,36
DA:29,29
DA:32,1
DA:33,2
DA:34,2
DA:35,2
DA:38,2
DA:39,0
DA:44,2
DA:48,1
DA:49,21
DA:50,21
DA:51,21
DA:53,21
DA:54,21
DA:55,21
DA:56,21
DA:57,21
DA:58,21
DA:59,21
DA:61,21
DA:62,9
DA:63,0
DA:64,0
DA:66,9
DA:68,9
DA:69,9
DA:72,9
DA:77,9
DA:79,9
DA:81,2
DA:82,1
DA:83,1
DA:84,1
DA:85,1
DA:87,1
DA:90,7
DA:91,9
DA:93,9
DA:94,3
DA:95,3
DA:96,3
DA:100,4
DA:105,4
DA:107,4
DA:109,0
DA:112,4
DA:113,9
DA:115,9
DA:116,9
DA:117,9
DA:118,2
DA:121,9
DA:122,9
DA:127,9
DA:128,4
DA:129,4
DA:138,0
DA:145,4
DA:146,4
DA:148,1
DA:149,1
DA:150,1
DA:152,9
DA:153,9
DA:159,21
DA:161,21
DA:162,10
DA:163,9
DA:165,1
DA:166,1
DA:167,1
DA:168,1
DA:172,21
DA:173,19
DA:174,5
DA:176,3
DA:177,3
DA:178,3
DA:179,0
DA:186,21
DA:187,0
DA:189,0
DA:190,0
DA:191,0
DA:193,0
DA:194,0
DA:196,0
DA:197,0
DA:204,0
DA:208,21
DA:209,2
DA:210,2
DA:212,2
DA:213,2
DA:214,2
DA:216,2
DA:219,2
DA:242,2
DA:248,2
DA:249,0
DA:254,2
DA:256,1
DA:258,1
DA:268,1
DA:269,0
DA:272,1
DA:277,1
DA:279,1
DA:288,1
DA:289,1
DA:292,1
DA:295,1
DA:296,1
DA:297,1
DA:298,0
DA:300,1
DA:302,1
DA:303,1
DA:305,1
DA:306,1
DA:312,1
DA:314,1
DA:315,1
DA:316,1
DA:317,1
[...]
end_of_record
TN:
SF:src/utils/invoiceCurrency.js
FN:3,(anonymous_0)
FN:10,(anonymous_1)
FN:24,(anonymous_2)
FNF:3
FNH:3
FNDA:72,(anonymous_0)
FNDA:54,(anonymous_1)
FNDA:18,(anonymous_2)
DA:1,3
DA:3,3
DA:4,72
DA:6,18
DA:7,18
DA:10,3
DA:11,54
DA:13,54
DA:24,3
DA:25,18
DA:31,18
DA:32,72
DA:33,72
DA:34,18
DA:38,0
LF:15
LH:14
BRDA:4,0,0,54
BRDA:4,0,1,18
BRDA:7,1,0,18
BRDA:7,1,1,0
BRDA:11,2,0,0
BRDA:11,2,1,54
BRDA:11,3,0,54
BRDA:11,3,1,54
BRDA:33,4,0,18
BRDA:33,4,1,54
BRF:10
BRH:8
end_of_record
TN:
SF:src/utils/invoiceTax.js
FN:1,(anonymous_0)
FN:6,(anonymous_1)
FNF:2
FNH:2
FNDA:8,(anonymous_0)
FNDA:4,(anonymous_1)
DA:1,1
DA:2,8
DA:3,8
DA:6,1
DA:7,4
DA:9,4
DA:10,2
DA:13,2
DA:14,4
DA:15,4
LF:10
LH:10
BRDA:3,0,0,7
BRDA:3,0,1,1
BRDA:7,1,0,4
BRDA:7,1,1,2
BRDA:7,1,2,1
BRDA:9,2,0,2
BRDA:9,2,1,2
BRDA:13,3,0,2
BRDA:13,3,1,0
BRDA:14,4,0,4
BRDA:14,4,1,0
BRF:11
BRH:9
end_of_record
TN:
SF:src/utils/pilotagePreferences.js
FN:35,normalizePilotageRegion
FN:53,resolvePilotageRegion
FN:78,normalizePilotageSector
FNF:3
FNH:2
FNDA:7,normalizePilotageRegion
FNDA:3,resolvePilotageRegion
FNDA:0,normalizePilotageSector
DA:1,1
DA:2,1
DA:4,1
DA:24,1
DA:36,7
DA:37,0
DA:40,7
DA:42,7
DA:43,6
DA:46,1
DA:47,1
DA:50,0
DA:58,3
DA:59,1
DA:65,2
DA:66,1
DA:72,1
DA:79,0
DA:80,0
LF:19
LH:15
BRDA:35,0,0,7
BRDA:36,1,0,0
BRDA:36,1,1,7
BRDA:42,2,0,6
BRDA:42,2,1,1
BRDA:46,3,0,1
BRDA:46,3,1,0
BRDA:53,4,0,3
BRDA:54,5,0,3
BRDA:55,6,0,3
BRDA:56,7,0,3
BRDA:58,8,0,1
BRDA:58,8,1,2
BRDA:65,9,0,1
BRDA:65,9,1,1
BRDA:79,10,0,0
BRDA:79,10,1,0
BRDA:80,11,0,0
BRDA:80,11,1,0
BRF:19
BRH:13
end_of_record
TN:
SF:src/utils/sanitize.js
FN:11,(anonymous_0)
FN:23,(anonymous_1)
FN:32,(anonymous_2)
FN:54,(anonymous_3)
FN:63,(anonymous_4)
FN:76,(anonymous_5)
FN:85,(anonymous_6)
FN:93,(anonymous_7)
FNF:8
FNH:7
FNDA:28,(anonymous_0)
FNDA:33,(anonymous_1)
FNDA:27,(anonymous_2)
FNDA:0,(anonymous_3)
FNDA:5,(anonymous_4)
FNDA:27,(anonymous_5)
FNDA:43,(anonymous_6)
FNDA:467,(anonymous_7)
DA:11,10
DA:12,28
DA:13,22
DA:23,10
DA:24,33
DA:25,28
DA:32,10
DA:33,27
DA:35,20
DA:37,27
DA:38,32
DA:39,15
DA:40,17
DA:41,10
DA:43,7
DA:47,20
DA:54,10
DA:55,0
DA:63,10
DA:64,5
DA:76,10
DA:77,27
DA:78,19
DA:85,43
DA:93,10
DA:94,467
DA:95,465
LF:27
LH:26
BRDA:12,0,0,6
BRDA:12,0,1,22
BRDA:24,1,0,5
BRDA:24,1,1,28
BRDA:33,2,0,7
BRDA:33,2,1,20
BRDA:33,3,0,27
BRDA:33,3,1,24
BRDA:35,4,0,4
BRDA:35,4,1,16
BRDA:38,5,0,15
BRDA:38,5,1,17
BRDA:40,6,0,10
BRDA:40,6,1,7
BRDA:40,7,0,17
BRDA:40,7,1,11
BRDA:55,8,0,0
BRDA:55,8,1,0
BRDA:64,9,0,5
BRDA:64,9,1,3
BRDA:77,10,0,8
BRDA:77,10,1,19
BRDA:94,11,0,2
BRDA:94,11,1,465
BRDA:94,12,0,467
BRDA:94,12,1,466
BRF:26
BRH:24
end_of_record
TN:
SF:src/utils/scenarioAssumptionRules.js
FN:14,getAllowedScenarioTypes
FN:18,getDefaultScenarioType
FN:22,isScenarioAssumptionCompatible
FN:30,sanitizeScenarioAssumptions
FN:32,(anonymous_4)
FN:48,normalizeScenarioAssumption
FNF:6
FNH:4
FNDA:9,getAllowedScenarioTypes
FNDA:0,getDefaultScenarioType
FNDA:7,isScenarioAssumptionCompatible
FNDA:4,sanitizeScenarioAssumptions
FNDA:6,(anonymous_4)
FNDA:0,normalizeScenarioAssumption
DA:1,2
DA:15,9
DA:19,0
DA:23,7
DA:24,0
DA:27,7
DA:31,4
DA:33,6
DA:34,5
DA:36,1
DA:39,6
DA:49,0
DA:50,0
DA:62,0
DA:63,0
DA:64,0
DA:68,0
DA:70,0
DA:71,0
DA:72,0
DA:80,0
DA:81,0
DA:86,0
DA:87,0
DA:94,0
DA:102,0
LF:26
LH:9
BRDA:15,0,0,9
BRDA:15,0,1,0
BRDA:19,1,0,0
BRDA:19,1,1,0
BRDA:23,2,0,0
BRDA:23,2,1,7
BRDA:23,3,0,7
BRDA:23,3,1,7
BRDA:30,4,0,4
BRDA:33,5,0,5
BRDA:33,5,1,1
BRDA:49,6,0,0
BRDA:49,6,1,0
BRDA:62,7,0,0
BRDA:62,7,1,0
BRDA:64,8,0,0
BRDA:64,8,1,0
BRDA:68,9,0,0
BRDA:68,9,1,0
BRDA:70,10,0,0
BRDA:70,10,1,0
BRDA:71,11,0,0
BRDA:71,11,1,0
BRDA:73,12,0,0
BRDA:73,12,1,0
BRDA:76,13,0,0
BRDA:76,13,1,0
BRDA:80,14,0,0
BRDA:80,14,1,0
BRDA:80,15,0,0
BRDA:80,15,1,0
BRDA:82,16,0,0
BRDA:82,16,1,0
BRDA:86,17,0,0
BRDA:86,17,1,0
BRDA:88,18,0,0
BRDA:88,18,1,0
BRDA:91,19,0,0
BRDA:91,19,1,0
BRDA:91,19,2,0
BRDA:95,20,0,0
BRDA:95,20,1,0
BRDA:107,21,0,0
BRDA:107,21,1,0
BRDA:108,22,0,0
BRDA:108,22,1,0
BRDA:109,23,0,0
BRDA:109,23,1,0
BRF:48
BRH:7
end_of_record
TN:
SF:src/utils/scenarioSimulationEngine.js
FN:16,(anonymous_0)
FN:24,(anonymous_1)
FN:64,(anonymous_2)
FN:129,(anonymous_3)
FN:136,(anonymous_4)
FN:180,(anonymous_5)
FN:193,(anonymous_6)
FN:238,(anonymous_7)
FN:265,(anonymous_8)
FN:275,(anonymous_9)
FN:289,(anonymous_10)
FN:376,(anonymous_11)
FN:391,(anonymous_12)
FN:396,(anonymous_13)
FN:404,(anonymous_14)
FN:412,(anonymous_15)
FN:418,(anonymous_16)
FN:424,(anonymous_17)
FN:459,(anonymous_18)
FN:511,(anonymous_19)
FN:520,(anonymous_20)
FN:547,(anonymous_21)
FN:567,(anonymous_22)
FN:598,(anonymous_23)
FN:656,(anonymous_24)
FN:674,(anonymous_25)
FN:675,(anonymous_26)
FN:682,(anonymous_27)
FN:687,(anonymous_28)
FN:718,(anonymous_29)
FN:720,(anonymous_30)
FNF:31
FNH:20
FNDA:3,(anonymous_0)
FNDA:3,(anonymous_1)
FNDA:3,(anonymous_2)
FNDA:9,(anonymous_3)
FNDA:12,(anonymous_4)
FNDA:9,(anonymous_5)
FNDA:12,(anonymous_6)
FNDA:24,(anonymous_7)
FNDA:6,(anonymous_8)
FNDA:0,(anonymous_9)
FNDA:9,(anonymous_10)
FNDA:9,(anonymous_11)
FNDA:87,(anonymous_12)
FNDA:9,(anonymous_13)
FNDA:0,(anonymous_14)
FNDA:0,(anonymous_15)
FNDA:6,(anonymous_16)
FNDA:3,(anonymous_17)
FNDA:6,(anonymous_18)
FNDA:3,(anonymous_19)
FNDA:3,(anonymous_20)
FNDA:3,(anonymous_21)
FNDA:1,(anonymous_22)
FNDA:0,(anonymous_23)
FNDA:0,(anonymous_24)
FNDA:0,(anonymous_25)
FNDA:0,(anonymous_26)
FNDA:0,(anonymous_27)
FNDA:0,(anonymous_28)
FNDA:0,(anonymous_29)
FNDA:0,(anonymous_30)
DA:17,3
DA:25,3
DA:26,0
DA:29,3
DA:30,3
DA:31,3
DA:32,3
DA:35,3
DA:36,3
DA:39,3
DA:41,9
DA:42,9
DA:45,9
DA:47,9
DA:54,9
DA:55,9
DA:58,3
DA:65,3
DA:66,3
DA:67,3
DA:71,3
DA:75,3
DA:79,3
DA:80,3
DA:85,3
DA:130,9
DA:132,9
DA:133,0
DA:136,9
DA:137,12
DA:138,0
DA:141,12
DA:142,12
DA:143,12
DA:145,12
DA:147,3
DA:148,3
DA:149,3
DA:152,0
DA:153,0
DA:156,3
DA:157,1
DA:158,1
DA:159,1
DA:160,0
DA:161,0
DA:162,0
DA:165,3
DA:168,0
DA:169,0
DA:170,0
DA:173,6
DA:177,9
DA:181,9
DA:189,9
DA:190,0
DA:193,9
DA:194,12
DA:195,0
DA:198,12
DA:199,12
DA:201,12
DA:203,3
DA:204,3
DA:207,3
DA:208,3
DA:211,3
DA:212,1
DA:214,3
DA:217,0
DA:218,0
DA:219,0
DA:222,3
DA:226,9
DA:227,9
DA:228,9
DA:229,9
DA:230,9
DA:232,9
DA:239,24
DA:241,24
DA:242,24
DA:244,24
DA:245,0
DA:248,24
DA:249,24
DA:251,24
DA:252,0
DA:255,24
DA:256,0
DA:259,24
DA:266,6
DA:267,6
DA:268,6
DA:269,6
DA:277,0
DA:278,0
DA:280,0
DA:281,0
DA:283,0
DA:290,9
DA:291,9
DA:293,9
DA:298,9
DA:299,9
DA:300,9
DA:301,9
DA:302,9
DA:303,9
DA:306,9
DA:307,9
DA:308,9
DA:309,9
DA:310,9
DA:311,9
DA:314,9
DA:317,9
DA:318,9
DA:319,9
DA:320,9
DA:321,9
DA:324,9
DA:325,9
DA:326,9
DA:327,9
DA:328,9
DA:330,9
DA:377,9
DA:392,87
DA:393,87
DA:397,9
DA:398,9
DA:401,0
DA:405,0
DA:413,0
DA:414,0
DA:419,6
DA:420,6
DA:425,3
DA:426,0
DA:429,3
DA:430,0
DA:431,0
DA:432,0
DA:435,3
DA:436,0
DA:437,0
DA:440,3
DA:441,0
DA:442,0
DA:445,3
DA:446,0
DA:447,0
DA:450,3
DA:451,0
DA:452,0
DA:455,3
DA:456,3
DA:460,6
DA:461,0
DA:464,6
DA:465,0
DA:466,0
DA:467,0
DA:469,0
DA:470,0
DA:472,0
DA:475,6
DA:476,0
DA:477,0
DA:479,0
DA:481,0
DA:484,6
DA:485,3
DA:488,3
DA:491,3
DA:492,0
DA:495,0
DA:498,3
DA:499,0
DA:502,0
DA:505,3
DA:508,6
DA:512,3
DA:513,0
DA:516,3
DA:517,3
DA:521,3
DA:522,0
DA:525,3
DA:526,3
DA:527,3
DA:529,3
DA:530,0
DA:533,3
DA:537,3
DA:539,3
DA:540,0
DA:543,3
DA:544,3
DA:548,3
DA:550,0
DA:553,0
DA:558,0
DA:561,0
DA:563,3
DA:568,1
DA:569,1
DA:572,0
DA:573,0
DA:574,0
DA:575,0
DA:578,0
DA:579,0
DA:580,0
DA:581,0
DA:584,0
DA:585,0
DA:586,0
DA:587,0
DA:590,0
DA:591,0
DA:592,0
DA:599,0
DA:600,0
DA:603,0
DA:611,0
DA:613,0
DA:614,0
DA:615,0
DA:617,0
DA:623,0
DA:629,0
DA:637,0
DA:638,0
DA:640,0
DA:650,0
DA:657,0
DA:659,0
DA:660,0
DA:661,0
DA:662,0
DA:663,0
DA:664,0
DA:668,0
DA:675,0
DA:683,0
DA:685,0
DA:687,0
DA:688,0
DA:689,0
DA:697,0
DA:701,0
DA:703,0
DA:712,0
DA:719,0
DA:720,0
LF:257
LH:145
BRDA:25,0,0,0
BRDA:25,0,1,3
BRDA:25,1,0,3
BRDA:25,1,1,3
BRDA:79,2,0,3
BRDA:79,2,1,0
BRDA:82,3,0,3
BRDA:82,3,1,0
BRDA:98,4,0,3
BRDA:98,4,1,0
BRDA:132,5,0,0
BRDA:132,5,1,9
BRDA:132,6,0,9
BRDA:132,6,1,9
BRDA:137,7,0,0
BRDA:137,7,1,12
BRDA:141,8,0,12
BRDA:141,8,1,0
BRDA:145,9,0,3
BRDA:145,9,1,0
BRDA:145,9,2,3
BRDA:145,9,3,0
BRDA:145,9,4,6
BRDA:156,10,0,1
BRDA:156,10,1,2
BRDA:156,11,0,3
BRDA:156,11,1,0
BRDA:157,12,0,1
BRDA:157,12,1,0
BRDA:157,13,0,1
BRDA:157,13,1,0
BRDA:160,14,0,0
BRDA:160,14,1,0
BRDA:168,15,0,0
BRDA:168,15,1,0
BRDA:169,16,0,0
BRDA:169,16,1,0
BRDA:186,17,0,9
BRDA:186,17,1,9
BRDA:189,18,0,0
BRDA:189,18,1,9
BRDA:189,19,0,9
BRDA:189,19,1,9
BRDA:194,20,0,0
BRDA:194,20,1,12
BRDA:198,21,0,12
BRDA:198,21,1,0
BRDA:201,22,0,3
BRDA:201,22,1,3
BRDA:201,22,2,3
BRDA:201,22,3,0
BRDA:201,22,4,3
BRDA:211,23,0,1
BRDA:211,23,1,2
BRDA:211,24,0,3
BRDA:211,24,1,0
BRDA:217,25,0,0
BRDA:217,25,1,0
BRDA:218,26,0,0
BRDA:218,26,1,0
BRDA:239,27,0,0
BRDA:239,27,1,24
BRDA:244,28,0,0
BRDA:244,28,1,24
BRDA:244,29,0,24
BRDA:244,29,1,0
BRDA:248,30,0,24
BRDA:248,30,1,0
BRDA:249,31,0,24
BRDA:249,31,1,0
BRDA:251,32,0,0
BRDA:251,32,1,24
BRDA:251,33,0,24
BRDA:251,33,1,24
BRDA:255,34,0,0
BRDA:255,34,1,24
BRDA:255,35,0,24
BRDA:255,35,1,24
BRDA:266,36,0,0
BRDA:266,36,1,6
BRDA:266,37,0,6
BRDA:266,37,1,6
BRDA:267,38,0,0
BRDA:267,38,1,6
BRDA:268,39,0,6
BRDA:268,39,1,0
BRDA:277,40,0,0
BRDA:277,40,1,0
BRDA:283,41,0,0
BRDA:283,41,1,0
BRDA:290,42,0,9
BRDA:290,42,1,0
BRDA:293,43,0,9
BRDA:293,43,1,0
BRDA:294,44,0,9
BRDA:294,44,1,0
BRDA:302,45,0,9
BRDA:302,45,1,0
BRDA:309,46,0,9
BRDA:309,46,1,9
BRDA:310,47,0,9
BRDA:310,47,1,0
BRDA:314,48,0,9
BRDA:314,48,1,9
BRDA:324,49,0,9
BRDA:324,49,1,0
BRDA:325,50,0,9
BRDA:325,50,1,0
BRDA:326,51,0,9
BRDA:326,51,1,0
BRDA:327,52,0,9
BRDA:327,52,1,0
BRDA:328,53,0,9
BRDA:328,53,1,0
BRDA:336,54,0,9
BRDA:336,54,1,0
BRDA:339,55,0,9
BRDA:339,55,1,0
BRDA:341,56,0,9
BRDA:341,56,1,0
BRDA:367,57,0,9
BRDA:367,57,1,0
BRDA:391,58,0,87
BRDA:393,59,0,72
BRDA:393,59,1,15
BRDA:397,60,0,9
BRDA:397,60,1,0
BRDA:397,61,0,9
BRDA:397,61,1,0
BRDA:398,62,0,9
BRDA:398,62,1,0
BRDA:401,63,0,0
BRDA:401,63,1,0
BRDA:406,64,0,0
BRDA:406,64,1,0
BRDA:407,65,0,0
BRDA:407,65,1,0
BRDA:413,66,0,0
BRDA:413,66,1,0
BRDA:413,67,0,0
BRDA:413,67,1,0
BRDA:414,68,0,0
BRDA:414,68,1,0
BRDA:414,69,0,0
BRDA:414,69,1,0
BRDA:419,70,0,6
BRDA:419,70,1,0
BRDA:419,71,0,6
BRDA:419,71,1,0
BRDA:420,72,0,6
BRDA:420,72,1,0
BRDA:425,73,0,0
BRDA:425,73,1,3
BRDA:429,74,0,0
BRDA:429,74,1,3
BRDA:435,75,0,0
BRDA:435,75,1,3
BRDA:440,76,0,0
BRDA:440,76,1,3
BRDA:440,77,0,3
BRDA:440,77,1,3
BRDA:445,78,0,0
BRDA:445,78,1,3
BRDA:450,79,0,0
BRDA:450,79,1,3
BRDA:451,80,0,0
BRDA:451,80,1,0
BRDA:460,81,0,0
BRDA:460,81,1,6
BRDA:460,82,0,6
BRDA:460,82,1,0
BRDA:464,83,0,0
BRDA:464,83,1,6
BRDA:465,84,0,0
BRDA:465,84,1,0
BRDA:475,85,0,0
BRDA:475,85,1,6
BRDA:476,86,0,0
BRDA:476,86,1,0
BRDA:484,87,0,3
BRDA:484,87,1,3
BRDA:484,88,0,6
BRDA:484,88,1,3
BRDA:485,89,0,0
BRDA:485,89,1,3
BRDA:491,90,0,0
BRDA:491,90,1,3
BRDA:492,91,0,0
BRDA:492,91,1,0
BRDA:498,92,0,0
BRDA:498,92,1,3
BRDA:499,93,0,0
BRDA:499,93,1,0
BRDA:501,94,0,0
BRDA:501,94,1,0
BRDA:505,95,0,3
BRDA:505,95,1,0
BRDA:512,96,0,0
BRDA:512,96,1,3
BRDA:512,97,0,3
BRDA:512,97,1,0
BRDA:521,98,0,0
BRDA:521,98,1,3
BRDA:521,99,0,3
BRDA:521,99,1,3
BRDA:529,100,0,0
BRDA:529,100,1,3
BRDA:529,101,0,3
BRDA:529,101,1,3
BRDA:539,102,0,0
BRDA:539,102,1,3
BRDA:539,103,0,3
BRDA:539,103,1,3
BRDA:548,104,0,0
BRDA:548,104,1,0
BRDA:548,104,2,0
BRDA:548,104,3,0
BRDA:548,104,4,0
BRDA:548,104,5,0
BRDA:548,104,6,3
BRDA:568,105,0,1
BRDA:568,105,1,0
BRDA:568,106,0,1
BRDA:568,106,1,0
BRDA:572,107,0,0
BRDA:572,107,1,0
BRDA:578,108,0,0
BRDA:578,108,1,0
BRDA:578,109,0,0
BRDA:578,109,1,0
BRDA:584,110,0,0
BRDA:584,110,1,0
BRDA:599,111,0,0
BRDA:599,111,1,0
BRDA:599,112,0,0
BRDA:599,112,1,0
BRDA:620,113,0,0
BRDA:620,113,1,0
BRDA:626,114,0,0
BRDA:626,114,1,0
BRDA:632,115,0,0
BRDA:632,115,1,0
BRDA:657,116,0,0
BRDA:657,116,1,0
BRDA:663,117,0,0
BRDA:663,117,1,0
BRDA:675,118,0,0
BRDA:675,118,1,0
BRDA:688,119,0,0
BRDA:688,119,1,0
BRDA:688,120,0,0
BRDA:688,120,1,0
BRDA:719,121,0,0
BRDA:719,121,1,0
BRDA:719,122,0,0
BRDA:719,122,1,0
BRDA:720,123,0,0
BRDA:720,123,1,0
BRF:258
BRH:110
end_of_record
TN:
SF:src/utils/serviceCatalogQuality.js
FN:3,(anonymous_0)
FN:5,(anonymous_1)
FN:11,(anonymous_2)
FN:13,(anonymous_3)
FN:60,(anonymous_4)
FN:63,(anonymous_5)
FNF:6
FNH:6
FNDA:13,(anonymous_0)
FNDA:6,(anonymous_1)
FNDA:5,(anonymous_2)
FNDA:2,(anonymous_3)
FNDA:2,(anonymous_4)
FNDA:2,(anonymous_5)
DA:1,1
DA:3,13
DA:5,1
DA:6,6
DA:7,2
DA:8,2
DA:11,5
DA:13,1
DA:14,2
DA:15,2
DA:17,2
DA:18,2
DA:19,2
DA:20,2
DA:21,2
DA:22,2
DA:24,2
DA:25,0
DA:28,2
DA:29,1
DA:30,1
DA:33,2
DA:34,0
DA:37,2
DA:38,0
DA:41,2
DA:42,1
DA:45,2
DA:46,0
DA:47,0
DA:49,0
DA:50,0
DA:54,2
DA:60,1
DA:61,2
DA:63,2
DA:64,2
DA:65,2
DA:66,2
DA:68,2
DA:69,1
DA:72,2
DA:73,1
DA:77,2
LF:44
LH:37
BRDA:3,0,0,13
BRDA:3,0,1,1
BRDA:6,1,0,4
BRDA:6,1,1,2
BRDA:6,2,0,6
BRDA:6,2,1,6
BRDA:6,2,2,2
BRDA:8,3,0,2
BRDA:8,3,1,0
BRDA:13,4,0,2
BRDA:13,5,0,2
BRDA:14,6,0,2
BRDA:18,7,0,2
BRDA:18,7,1,0
BRDA:24,8,0,0
BRDA:24,8,1,2
BRDA:28,9,0,1
BRDA:28,9,1,1
BRDA:29,10,0,1
BRDA:29,10,1,0
BRDA:33,11,0,0
BRDA:33,11,1,2
BRDA:37,12,0,0
BRDA:37,12,1,2
BRDA:37,13,0,2
BRDA:37,13,1,1
BRDA:41,14,0,1
BRDA:41,14,1,1
BRDA:41,15,0,2
BRDA:41,15,1,1
BRDA:45,16,0,0
BRDA:45,16,1,2
BRDA:46,17,0,0
BRDA:46,17,1,0
BRDA:49,18,0,0
BRDA:49,18,1,0
BRDA:60,19,0,2
BRDA:64,20,0,2
BRDA:64,20,1,0
BRDA:65,21,0,2
BRDA:65,21,1,0
BRDA:65,21,2,0
BRDA:68,22,0,1
BRDA:68,22,1,1
BRDA:68,23,0,2
BRDA:68,23,1,1
BRDA:72,24,0,1
BRDA:72,24,1,1
BRDA:72,25,0,2
BRDA:72,25,1,1
BRF:50
BRH:36
end_of_record
TN:
SF:src/utils/subscriptionEntitlements.js
FN:31,(anonymous_0)
FN:33,(anonymous_1)
FN:34,(anonymous_2)
FN:39,(anonymous_3)
FN:41,(anonymous_4)
FN:50,(anonymous_5)
FN:54,(anonymous_6)
FN:78,(anonymous_7)
FN:78,(anonymous_8)
FN:80,(anonymous_9)
FN:82,(anonymous_10)
FNF:11
FNH:9
FNDA:24,(anonymous_0)
FNDA:1,(anonymous_1)
FNDA:3,(anonymous_2)
FNDA:2,(anonymous_3)
FNDA:2,(anonymous_4)
FNDA:1,(anonymous_5)
FNDA:5,(anonymous_6)
FNDA:3,(anonymous_7)
FNDA:18,(anonymous_8)
FNDA:0,(anonymous_9)
FNDA:0,(anonymous_10)
DA:1,2
DA:11,2
DA:21,2
DA:31,24
DA:33,2
DA:34,1
DA:35,3
DA:36,2
DA:39,2
DA:41,3
DA:42,2
DA:44,0
DA:45,0
DA:47,3
DA:50,2
DA:51,1
DA:52,1
DA:54,1
DA:55,5
DA:56,3
DA:57,1
DA:58,1
DA:60,3
DA:63,2
DA:64,1
DA:67,1
DA:68,1
DA:71,1
DA:72,1
DA:75,1
DA:78,18
DA:80,2
DA:82,2
LF:33
LH:31
BRDA:31,0,0,24
BRDA:31,0,1,6
BRDA:35,1,0,2
BRDA:35,1,1,1
BRDA:36,2,0,1
BRDA:36,2,1,1
BRDA:39,3,0,1
BRDA:39,3,1,0
BRDA:39,4,0,2
BRDA:39,4,1,2
BRDA:42,5,0,2
BRDA:42,5,1,0
BRDA:45,6,0,0
BRDA:45,6,1,0
BRDA:47,7,0,1
BRDA:47,7,1,0
BRDA:55,8,0,3
BRDA:55,8,1,2
BRDA:56,9,0,1
BRDA:56,9,1,2
BRDA:63,10,0,1
BRDA:63,10,1,1
BRDA:71,11,0,1
BRDA:71,11,1,0
BRDA:80,12,0,0
BRDA:80,12,1,0
BRDA:82,13,0,0
BRDA:82,13,1,0
BRF:28
BRH:18
end_of_record
TN:
SF:src/utils/validation.js
FN:7,(anonymous_0)
FN:26,(anonymous_1)
FN:42,(anonymous_2)
FN:53,(anonymous_3)
FN:65,(anonymous_4)
FN:73,(anonymous_5)
FN:94,(anonymous_6)
FNF:7
FNH:7
FNDA:11,(anonymous_0)
FNDA:1,(anonymous_1)
FNDA:21,(anonymous_2)
FNDA:7,(anonymous_3)
FNDA:12,(anonymous_4)
FNDA:13,(anonymous_5)
FNDA:7,(anonymous_6)
DA:7,5
DA:8,11
DA:9,11
DA:12,5
DA:26,5
DA:27,1
DA:28,1
DA:30,1
DA:31,1
DA:32,1
DA:34,1
DA:42,5
DA:43,21
DA:44,21
DA:53,5
DA:54,7
DA:55,4
DA:56,4
DA:57,4
DA:65,5
DA:66,12
DA:68,12
DA:69,3
DA:70,3
DA:73,9
DA:74,13
DA:75,5
DA:77,13
DA:78,4
DA:80,13
DA:81,4
DA:85,9
DA:94,5
DA:95,7
DA:96,4
DA:99,3
DA:100,3
DA:102,3
DA:103,3
DA:106,3
LF:40
LH:40
BRDA:27,0,0,0
BRDA:27,0,1,1
BRDA:28,1,0,0
BRDA:28,1,1,1
BRDA:34,2,0,1
BRDA:34,2,1,1
BRDA:34,2,2,1
BRDA:54,3,0,3
BRDA:54,3,1,4
BRDA:54,4,0,7
BRDA:54,4,1,5
BRDA:68,5,0,3
BRDA:68,5,1,9
BRDA:68,6,0,12
BRDA:68,6,1,10
BRDA:74,7,0,5
BRDA:74,7,1,8
BRDA:74,8,0,13
BRDA:74,8,1,9
BRDA:77,9,0,4
BRDA:77,9,1,9
BRDA:77,10,0,13
BRDA:77,10,1,11
BRDA:80,11,0,4
BRDA:80,11,1,9
BRDA:80,12,0,13
BRDA:80,12,1,10
BRDA:95,13,0,4
BRDA:95,13,1,3
BRDA:95,14,0,7
BRDA:95,14,1,4
BRF:31
BRH:29
end_of_record
TN:
SF:supabase/functions/cfo-agent/answerSanitizer.ts
FN:10,sanitizeCfoAnswer
FNF:1
FNH:1
FNDA:2,sanitizeCfoAnswer
DA:1,1
DA:11,2
DA:12,2
DA:14,2
DA:15,12
DA:18,2
LF:6
LH:6
BRDA:11,0,0,2
BRDA:11,0,1,0
BRDA:12,1,0,0
BRDA:12,1,1,2
BRF:4
BRH:2
end_of_record
TN:
SF:supabase/functions/cfo-agent/context.ts
FN:3,(anonymous_0)
FN:8,(anonymous_1)
FN:12,(anonymous_2)
FN:49,(anonymous_3)
FN:50,(anonymous_4)
FN:51,(anonymous_5)
FN:52,(anonymous_6)
FN:54,(anonymous_7)
FN:57,(anonymous_8)
FN:58,(anonymous_9)
FNF:10
FNH:1
FNDA:0,(anonymous_0)
FNDA:6,(anonymous_1)
FNDA:0,(anonymous_2)
FNDA:0,(anonymous_3)
FNDA:0,(anonymous_4)
FNDA:0,(anonymous_5)
FNDA:0,(anonymous_6)
FNDA:0,(anonymous_7)
FNDA:0,(anonymous_8)
FNDA:0,(anonymous_9)
DA:3,1
DA:4,0
DA:5,0
DA:8,1
DA:9,6
DA:12,1
DA:13,0
DA:41,0
DA:42,0
DA:43,0
DA:44,0
DA:45,0
DA:46,0
DA:48,0
DA:49,0
DA:50,0
DA:51,0
DA:52,0
DA:53,0
DA:54,0
DA:56,0
DA:57,0
DA:58,0
DA:60,0
LF:24
LH:4
BRDA:5,0,0,0
BRDA:5,0,1,0
BRDA:41,1,0,0
BRDA:41,1,1,0
BRDA:42,2,0,0
BRDA:42,2,1,0
BRDA:43,3,0,0
BRDA:43,3,1,0
BRDA:44,4,0,0
BRDA:44,4,1,0
BRDA:49,5,0,0
BRDA:49,5,1,0
BRDA:54,6,0,0
BRDA:54,6,1,0
BRDA:54,6,2,0
BRDA:58,7,0,0
BRDA:58,7,1,0
BRDA:61,8,0,0
BRDA:61,8,1,0
BRF:19
BRH:0
end_of_record
TN:
SF:supabase/functions/cfo-agent/financialContext.ts
FN:44,toNumber
FN:49,round2
FN:53,normalizeInvoiceClientView
FN:64,(anonymous_3)
FN:79,buildClientFinancialBreakdown
FN:114,(anonymous_5)
FN:122,(anonymous_6)
FNF:7
FNH:7
FNDA:14,toNumber
FNDA:14,round2
FNDA:2,normalizeInvoiceClientView
FNDA:4,(anonymous_3)
FNDA:2,buildClientFinancialBreakdown
FNDA:2,(anonymous_5)
FNDA:1,(anonymous_6)
DA:45,14
DA:46,14
DA:50,14
DA:57,2
DA:58,2
DA:59,2
DA:60,2
DA:61,2
DA:64,2
DA:65,4
DA:66,4
DA:83,2
DA:84,2
DA:86,2
DA:87,4
DA:88,1
DA:89,1
DA:92,3
DA:102,4
DA:103,4
DA:105,4
DA:106,4
DA:107,4
DA:108,4
DA:110,3
DA:113,2
DA:115,2
DA:116,2
DA:117,2
DA:122,1
DA:125,2
LF:31
LH:31
BRDA:46,0,0,14
BRDA:46,0,1,0
BRDA:54,1,0,2
BRDA:55,2,0,2
BRDA:59,3,0,0
BRDA:59,3,1,2
BRDA:59,4,0,2
BRDA:59,4,1,2
BRDA:60,5,0,2
BRDA:60,5,1,0
BRDA:60,5,2,0
BRDA:60,5,3,0
BRDA:65,6,0,3
BRDA:65,6,1,1
BRDA:65,7,0,4
BRDA:65,7,1,3
BRDA:67,8,0,4
BRDA:67,8,1,0
BRDA:69,9,0,3
BRDA:69,9,1,1
BRDA:69,10,0,3
BRDA:69,10,1,0
BRDA:70,11,0,4
BRDA:70,11,1,0
BRDA:73,12,0,4
BRDA:73,12,1,0
BRDA:74,13,0,4
BRDA:74,13,1,0
BRDA:80,14,0,2
BRDA:81,15,0,2
BRDA:87,16,0,1
BRDA:87,16,1,3
BRDA:92,17,0,3
BRDA:92,17,1,2
BRDA:94,18,0,2
BRDA:94,18,1,0
BRDA:102,19,0,3
BRDA:102,19,1,0
BRDA:103,20,0,4
BRDA:103,20,1,3
BRDA:103,20,2,3
BRDA:108,21,0,2
BRDA:108,21,1,2
BRDA:116,22,0,2
BRDA:116,22,1,0
BRF:45
BRH:32
end_of_record
TN:
SF:supabase/functions/cfo-agent/insights.ts
FN:19,(anonymous_0)
FNF:1
FNH:1
FNDA:1,(anonymous_0)
DA:19,1
DA:20,1
DA:21,1
DA:24,1
DA:25,1
DA:26,1
DA:27,1
DA:33,1
DA:34,1
DA:35,1
DA:36,1
DA:42,1
DA:43,1
DA:44,1
DA:45,1
DA:47,1
DA:48,1
DA:49,1
DA:55,1
DA:56,1
DA:57,1
DA:59,1
LF:22
LH:22
BRDA:24,0,0,1
BRDA:24,0,1,0
BRDA:33,1,0,1
BRDA:33,1,1,0
BRDA:42,2,0,1
BRDA:42,2,1,0
BRDA:55,3,0,1
BRDA:55,3,1,0
BRF:8
BRH:4
end_of_record
TN:
SF:supabase/functions/cfo-agent/sourceEvidence.ts
FN:42,buildCfoSourceEvidence
FNF:1
FNH:1
FNDA:2,buildCfoSourceEvidence
DA:40,2
DA:47,2
DA:49,2
LF:3
LH:3
BRDA:45,0,0,2
BRDA:51,1,0,2
BRDA:51,1,1,0
BRDA:52,2,0,2
BRDA:52,2,1,0
BRF:5
BRH:3
end_of_record
TN:
SF:supabase/functions/cfo-weekly-briefing/briefing.ts
FN:29,(anonymous_0)
FN:38,(anonymous_1)
FN:41,(anonymous_2)
FN:99,(anonymous_3)
FN:102,(anonymous_4)
FN:122,(anonymous_5)
FN:127,(anonymous_6)
FNF:7
FNH:7
FNDA:3,(anonymous_0)
FNDA:1,(anonymous_1)
FNDA:1,(anonymous_2)
FNDA:3,(anonymous_3)
FNDA:3,(anonymous_4)
FNDA:2,(anonymous_5)
FNDA:1,(anonymous_6)
DA:29,1
DA:30,3
DA:31,3
DA:32,3
DA:33,3
DA:34,3
DA:35,3
DA:38,1
DA:39,1
DA:41,1
DA:42,1
DA:43,1
DA:44,1
DA:45,1
DA:46,1
DA:56,1
DA:64,1
DA:65,1
DA:72,1
DA:73,1
DA:74,1
DA:76,1
DA:77,1
DA:84,1
DA:85,1
DA:88,1
DA:99,3
DA:102,3
DA:105,1
DA:122,2
DA:127,1
LF:31
LH:31
BRDA:29,0,0,3
BRDA:41,1,0,1
BRDA:45,2,0,1
BRDA:45,2,1,0
BRDA:64,3,0,1
BRDA:64,3,1,0
BRDA:66,4,0,1
BRDA:66,4,1,0
BRDA:67,5,0,1
BRDA:67,5,1,0
BRDA:73,6,0,1
BRDA:73,6,1,0
BRDA:76,7,0,1
BRDA:76,7,1,0
BRDA:84,8,0,1
BRDA:84,8,1,0
BRDA:123,9,0,2
BRDA:123,9,1,0
BRDA:124,10,0,2
BRDA:124,10,1,0
BRDA:125,11,0,2
BRDA:125,11,1,1
BRDA:128,12,0,1
BRDA:128,12,1,0
BRDA:129,13,0,1
BRDA:129,13,1,0
BRF:26
BRH:15
end_of_record
